Using pre-set license
Built from '2020.2/release' branch; Version is '2020.2.2f1 (068178b99f32) revision 426360'; Using compiler version '192528614'; Build Type 'Release'
OS: 'Windows 10 Home Single Language; OS build 18363.1316; Version 1909; 64bit' Language: 'es' Physical Memory: 11198 MB
BatchMode: 1, IsHumanControllingUs: 0, StartBugReporterOnCrash: 0, Is64bit: 1, IsPro: 0

 COMMAND LINE ARGUMENTS:
C:\Program Files\Unity\Hub\Editor\2020.2.2f1\Editor\Unity.exe
-adb2
-batchMode
-noUpm
-name
AssetImportWorker0
-projectPath
C:/Users/laure/Documents/GitHub/GGJProject
-logFile
Logs/AssetImportWorker0.log
-srvPort
<<<<<<< HEAD
61694
Successfully changed project path to: /Users/mafegarces/GameProject
/Users/mafegarces/GameProject
Using Asset Import Pipeline V2.
Refreshing native plugins compatible for Editor in 77.58 ms, found 2 plugins.
=======
59445
Successfully changed project path to: C:/Users/laure/Documents/GitHub/GGJProject
C:/Users/laure/Documents/GitHub/GGJProject
Using Asset Import Pipeline V2.
Refreshing native plugins compatible for Editor in 189.90 ms, found 1 plugins.
>>>>>>> 7dc3ca630bbfa00f0b91065d4030988b4c5398dd
Preloading 0 native plugins for Editor in 0.00 ms.
Initialize engine version: 2020.2.2f1 (068178b99f32)
[Subsystems] Discovering subsystems at path C:/Program Files/Unity/Hub/Editor/2020.2.2f1/Editor/Data/Resources/UnitySubsystems
[Subsystems] Discovering subsystems at path C:/Users/laure/Documents/GitHub/GGJProject/Assets
GfxDevice: creating device client; threaded=0
<<<<<<< HEAD
2021-01-30 22:39:24.384 Unity[8365:777461] Color LCD preferred device: Intel HD Graphics 5000 (low power)
2021-01-30 22:39:24.384 Unity[8365:777461] Metal devices available: 1
2021-01-30 22:39:24.384 Unity[8365:777461] 0: Intel HD Graphics 5000 (low power)
2021-01-30 22:39:24.385 Unity[8365:777461] Using device Intel HD Graphics 5000 (low power)
Initializing Metal device caps: Intel HD Graphics 5000
Initialize mono
Mono path[0] = '/Applications/Unity/Hub/Editor/2020.2.2f1/Unity.app/Contents/Managed'
Mono path[1] = '/Applications/Unity/Hub/Editor/2020.2.2f1/Unity.app/Contents/MonoBleedingEdge/lib/mono/unityjit'
Mono config path = '/Applications/Unity/Hub/Editor/2020.2.2f1/Unity.app/Contents/MonoBleedingEdge/etc'
Using monoOptions --debugger-agent=transport=dt_socket,embedding=1,server=y,suspend=n,address=127.0.0.1:56365
Begin MonoManager ReloadAssembly
Registering precompiled unity dll's ...
Register platform support module: /Applications/Unity/Hub/Editor/2020.2.2f1/Unity.app/Contents/PlaybackEngines/MacStandaloneSupport/UnityEditor.OSXStandalone.Extensions.dll
Register platform support module: /Applications/Unity/Hub/Editor/2020.2.2f1/PlaybackEngines/WindowsStandaloneSupport/UnityEditor.WindowsStandalone.Extensions.dll
Registered in 0.003508 seconds.
Native extension for WindowsStandalone target not found
Native extension for OSXStandalone target not found
Refreshing native plugins compatible for Editor in 64.96 ms, found 2 plugins.
=======
Direct3D:
    Version:  Direct3D 11.0 [level 11.1]
    Renderer: AMD Radeon(TM) Vega 8 Graphics (ID=0x15dd)
    Vendor:   
    VRAM:     5599 MB
    Driver:   26.20.14042.2
Initialize mono
Mono path[0] = 'C:/Program Files/Unity/Hub/Editor/2020.2.2f1/Editor/Data/Managed'
Mono path[1] = 'C:/Program Files/Unity/Hub/Editor/2020.2.2f1/Editor/Data/MonoBleedingEdge/lib/mono/unityjit'
Mono config path = 'C:/Program Files/Unity/Hub/Editor/2020.2.2f1/Editor/Data/MonoBleedingEdge/etc'
Using monoOptions --debugger-agent=transport=dt_socket,embedding=1,server=y,suspend=n,address=127.0.0.1:56960
Begin MonoManager ReloadAssembly
Registering precompiled unity dll's ...
Register platform support module: C:/Program Files/Unity/Hub/Editor/2020.2.2f1/Editor/Data/PlaybackEngines/WebGLSupport/UnityEditor.WebGL.Extensions.dll
Register platform support module: C:/Program Files/Unity/Hub/Editor/2020.2.2f1/Editor/Data/PlaybackEngines/MacStandaloneSupport/UnityEditor.OSXStandalone.Extensions.dll
Register platform support module: C:/Program Files/Unity/Hub/Editor/2020.2.2f1/Editor/Data/PlaybackEngines/WindowsStandaloneSupport/UnityEditor.WindowsStandalone.Extensions.dll
Registered in 0.174022 seconds.
Native extension for WindowsStandalone target not found
Native extension for OSXStandalone target not found
Native extension for WebGL target not found
Refreshing native plugins compatible for Editor in 102.13 ms, found 1 plugins.
>>>>>>> 7dc3ca630bbfa00f0b91065d4030988b4c5398dd
Preloading 0 native plugins for Editor in 0.00 ms.
Invoked RoslynAnalysisRunner static constructor.
RoslynAnalysisRunner will not be running.
RoslynAnalysisRunner has terminated.
Mono: successfully reloaded assembly
<<<<<<< HEAD
- Completed reload, in  4.526 seconds
Platform modules already initialized, skipping
Registering precompiled user dll's ...
Registered in 0.001697 seconds.
Begin MonoManager ReloadAssembly
Native extension for WindowsStandalone target not found
Native extension for OSXStandalone target not found
Refreshing native plugins compatible for Editor in 64.39 ms, found 2 plugins.
Preloading 0 native plugins for Editor in 0.00 ms.
Invoked RoslynAnalysisRunner static constructor.
RoslynAnalysisRunner will not be running.
RoslynAnalysisRunner has terminated.
Mono: successfully reloaded assembly
- Completed reload, in  1.991 seconds
Platform modules already initialized, skipping
========================================================================
Worker process is ready to serve import requests
Launching external process: /Applications/Unity/Hub/Editor/2020.2.2f1/Unity.app/Contents/Tools/UnityShaderCompiler
Launched and connected shader compiler UnityShaderCompiler after 0.04 seconds
Refreshing native plugins compatible for Editor in 0.41 ms, found 2 plugins.
Preloading 0 native plugins for Editor in 0.00 ms.
Unloading 1796 Unused Serialized files (Serialized files now loaded: 0)
System memory in use before: 143.7 MB.
System memory in use after: 143.7 MB.

Unloading 24 unused Assets to reduce memory usage. Loaded Objects now: 2238.
Total: 3.763796 ms (FindLiveObjects: 0.358965 ms CreateObjectMapping: 0.156257 ms MarkObjects: 3.039035 ms  DeleteObjects: 0.205169 ms)

========================================================================
Received Import Request.
  path: Assets/Graphics/interfax.png
  artifactKey: Guid(21f5452bde73c435c9ceb6ea6ce72ee7) Importer(815301076,1909f56bfc062723c751e8b465ee728b)
Start importing Assets/Graphics/interfax.png using Guid(21f5452bde73c435c9ceb6ea6ce72ee7) Importer(815301076,1909f56bfc062723c751e8b465ee728b)  -> (artifact id: '4ce1d5bf568b8ee926065701972d609f') in 1.320463 seconds
  Import took 1.328325 seconds .

========================================================================
Received Import Request.
  Time since last request: 0.000842 seconds.
  path: Assets/Graphics/plataformas a.png
  artifactKey: Guid(d5df6255f867c4be9810d0ff3561857d) Importer(815301076,1909f56bfc062723c751e8b465ee728b)
Start importing Assets/Graphics/plataformas a.png using Guid(d5df6255f867c4be9810d0ff3561857d) Importer(815301076,1909f56bfc062723c751e8b465ee728b)  -> (artifact id: 'dce626eb53d1ce74d87710e230b2a992') in 0.024235 seconds
  Import took 0.032022 seconds .

========================================================================
Received Import Request.
  Time since last request: 0.000378 seconds.
  path: Assets/Graphics/ladrido_pom.png
  artifactKey: Guid(275ed72f912554d119c43ddb79fe9c5b) Importer(815301076,1909f56bfc062723c751e8b465ee728b)
Start importing Assets/Graphics/ladrido_pom.png using Guid(275ed72f912554d119c43ddb79fe9c5b) Importer(815301076,1909f56bfc062723c751e8b465ee728b)  -> (artifact id: 'c0d27bcbeb19381327533e63b5690d0d') in 0.263606 seconds
  Import took 0.271260 seconds .

========================================================================
Received Import Request.
  Time since last request: 0.000326 seconds.
  path: Assets/Graphics/PUG-2.png
  artifactKey: Guid(3242c94dafa454d068387d203fe7039d) Importer(815301076,1909f56bfc062723c751e8b465ee728b)
Start importing Assets/Graphics/PUG-2.png using Guid(3242c94dafa454d068387d203fe7039d) Importer(815301076,1909f56bfc062723c751e8b465ee728b)  -> (artifact id: '4f9458934f6f10d11e2428bdb5c7e8fa') in 0.164424 seconds
  Import took 0.170685 seconds .

========================================================================
Received Import Request.
  Time since last request: 789.615681 seconds.
  path: Assets/Graphics/ladrido_pom.png
  artifactKey: Guid(275ed72f912554d119c43ddb79fe9c5b) Importer(815301076,1909f56bfc062723c751e8b465ee728b)
Start importing Assets/Graphics/ladrido_pom.png using Guid(275ed72f912554d119c43ddb79fe9c5b) Importer(815301076,1909f56bfc062723c751e8b465ee728b)  -> (artifact id: '9d250222cf8895c35791431d3a5a9eeb') in 0.123059 seconds
  Import took 0.180994 seconds .

========================================================================
Received Prepare
Registering precompiled user dll's ...
Registered in 0.002435 seconds.
Begin MonoManager ReloadAssembly
Native extension for WindowsStandalone target not found
Native extension for OSXStandalone target not found
Refreshing native plugins compatible for Editor in 2.33 ms, found 2 plugins.
Preloading 0 native plugins for Editor in 0.00 ms.
Invoked RoslynAnalysisRunner static constructor.
RoslynAnalysisRunner will not be running.
RoslynAnalysisRunner has terminated.
Mono: successfully reloaded assembly
- Completed reload, in  2.111 seconds
Platform modules already initialized, skipping
Refreshing native plugins compatible for Editor in 0.68 ms, found 2 plugins.
Preloading 0 native plugins for Editor in 0.00 ms.
Unloading 1791 Unused Serialized files (Serialized files now loaded: 0)
System memory in use before: 152.3 MB.
System memory in use after: 152.3 MB.

Unloading 12 unused Assets to reduce memory usage. Loaded Objects now: 2300.
Total: 4.284590 ms (FindLiveObjects: 0.487630 ms CreateObjectMapping: 0.123880 ms MarkObjects: 3.489640 ms  DeleteObjects: 0.181128 ms)

========================================================================
Received Import Request.
  Time since last request: 357.214568 seconds.
  path: Assets/Animations/Pug.controller
  artifactKey: Guid(d4e8e1fc4e755456bbde1e046eec57af) Importer(815301076,1909f56bfc062723c751e8b465ee728b)
Start importing Assets/Animations/Pug.controller using Guid(d4e8e1fc4e755456bbde1e046eec57af) Importer(815301076,1909f56bfc062723c751e8b465ee728b)  -> (artifact id: 'e138d9ab953297c7610c9078dce5c894') in 0.902650 seconds
  Import took 0.951300 seconds .

========================================================================
Received Import Request.
  Time since last request: 34.268795 seconds.
  path: Assets/Animations/Pomeranian.controller
  artifactKey: Guid(c3a2c404b2abe480db6204d6c02dfb2c) Importer(815301076,1909f56bfc062723c751e8b465ee728b)
Start importing Assets/Animations/Pomeranian.controller using Guid(c3a2c404b2abe480db6204d6c02dfb2c) Importer(815301076,1909f56bfc062723c751e8b465ee728b)  -> (artifact id: '819883bf5ccd1e8b68fb950a902f8113') in 0.017304 seconds
  Import took 0.028578 seconds .

========================================================================
Received Import Request.
  Time since last request: 0.890165 seconds.
  path: Assets/Animations/Pomeranian.controller
  artifactKey: Guid(c3a2c404b2abe480db6204d6c02dfb2c) Importer(815301076,1909f56bfc062723c751e8b465ee728b)
Start importing Assets/Animations/Pomeranian.controller using Guid(c3a2c404b2abe480db6204d6c02dfb2c) Importer(815301076,1909f56bfc062723c751e8b465ee728b)  -> (artifact id: '9e46ef5f9aa9e59af9c079d1e54be4af') in 0.018160 seconds
  Import took 0.025399 seconds .

========================================================================
Received Prepare
Registering precompiled user dll's ...
Registered in 0.009875 seconds.
Begin MonoManager ReloadAssembly
Native extension for WindowsStandalone target not found
Native extension for OSXStandalone target not found
Refreshing native plugins compatible for Editor in 0.57 ms, found 2 plugins.
Preloading 0 native plugins for Editor in 0.00 ms.
Invoked RoslynAnalysisRunner static constructor.
RoslynAnalysisRunner will not be running.
RoslynAnalysisRunner has terminated.
Mono: successfully reloaded assembly
- Completed reload, in  2.158 seconds
Platform modules already initialized, skipping
Refreshing native plugins compatible for Editor in 0.80 ms, found 2 plugins.
Preloading 0 native plugins for Editor in 0.00 ms.
Unloading 1791 Unused Serialized files (Serialized files now loaded: 0)
System memory in use before: 157.0 MB.
System memory in use after: 156.9 MB.

Unloading 12 unused Assets to reduce memory usage. Loaded Objects now: 2303.
Total: 7.351654 ms (FindLiveObjects: 0.481886 ms CreateObjectMapping: 0.207260 ms MarkObjects: 6.335302 ms  DeleteObjects: 0.323910 ms)

========================================================================
Received Import Request.
  Time since last request: 104.011267 seconds.
  path: Assets/DogController.cs
  artifactKey: Guid(7dbda7288a31e44d08fef6967aef595f) Importer(815301076,1909f56bfc062723c751e8b465ee728b)
Start importing Assets/DogController.cs using Guid(7dbda7288a31e44d08fef6967aef595f) Importer(815301076,1909f56bfc062723c751e8b465ee728b)  -> (artifact id: '14be645e53c5eec30de2ca0f7dc6cf76') in 0.605079 seconds
  Import took 0.613166 seconds .

========================================================================
Received Prepare
Registering precompiled user dll's ...
Registered in 0.011163 seconds.
Begin MonoManager ReloadAssembly
Native extension for WindowsStandalone target not found
Native extension for OSXStandalone target not found
Refreshing native plugins compatible for Editor in 0.59 ms, found 2 plugins.
Preloading 0 native plugins for Editor in 0.00 ms.
Invoked RoslynAnalysisRunner static constructor.
RoslynAnalysisRunner will not be running.
RoslynAnalysisRunner has terminated.
Mono: successfully reloaded assembly
- Completed reload, in  2.251 seconds
Platform modules already initialized, skipping
Refreshing native plugins compatible for Editor in 0.46 ms, found 2 plugins.
Preloading 0 native plugins for Editor in 0.00 ms.
Unloading 1791 Unused Serialized files (Serialized files now loaded: 0)
System memory in use before: 161.5 MB.
System memory in use after: 161.5 MB.

Unloading 12 unused Assets to reduce memory usage. Loaded Objects now: 2306.
Total: 3.967928 ms (FindLiveObjects: 0.553877 ms CreateObjectMapping: 0.157155 ms MarkObjects: 3.088963 ms  DeleteObjects: 0.162522 ms)

========================================================================
Received Prepare
Registering precompiled user dll's ...
Registered in 0.000873 seconds.
Begin MonoManager ReloadAssembly
Native extension for WindowsStandalone target not found
Native extension for OSXStandalone target not found
Refreshing native plugins compatible for Editor in 0.95 ms, found 2 plugins.
Preloading 0 native plugins for Editor in 0.00 ms.
Invoked RoslynAnalysisRunner static constructor.
RoslynAnalysisRunner will not be running.
RoslynAnalysisRunner has terminated.
Mono: successfully reloaded assembly
- Completed reload, in  2.222 seconds
Platform modules already initialized, skipping
Refreshing native plugins compatible for Editor in 0.48 ms, found 2 plugins.
Preloading 0 native plugins for Editor in 0.00 ms.
Unloading 1791 Unused Serialized files (Serialized files now loaded: 0)
System memory in use before: 161.9 MB.
System memory in use after: 161.9 MB.

Unloading 12 unused Assets to reduce memory usage. Loaded Objects now: 2309.
Total: 4.094437 ms (FindLiveObjects: 0.606370 ms CreateObjectMapping: 0.158468 ms MarkObjects: 3.154878 ms  DeleteObjects: 0.172296 ms)

========================================================================
Received Prepare
Registering precompiled user dll's ...
Registered in 0.000851 seconds.
Begin MonoManager ReloadAssembly
Native extension for WindowsStandalone target not found
Native extension for OSXStandalone target not found
Refreshing native plugins compatible for Editor in 1.40 ms, found 2 plugins.
Preloading 0 native plugins for Editor in 0.00 ms.
Invoked RoslynAnalysisRunner static constructor.
RoslynAnalysisRunner will not be running.
RoslynAnalysisRunner has terminated.
Mono: successfully reloaded assembly
- Completed reload, in  1.957 seconds
Platform modules already initialized, skipping
Refreshing native plugins compatible for Editor in 0.51 ms, found 2 plugins.
Preloading 0 native plugins for Editor in 0.00 ms.
Unloading 1791 Unused Serialized files (Serialized files now loaded: 0)
System memory in use before: 162.2 MB.
System memory in use after: 162.2 MB.

Unloading 12 unused Assets to reduce memory usage. Loaded Objects now: 2312.
Total: 4.460298 ms (FindLiveObjects: 0.478145 ms CreateObjectMapping: 0.148260 ms MarkObjects: 3.663944 ms  DeleteObjects: 0.167040 ms)

========================================================================
Received Prepare
Registering precompiled user dll's ...
Registered in 0.002337 seconds.
Begin MonoManager ReloadAssembly
Native extension for WindowsStandalone target not found
Native extension for OSXStandalone target not found
Refreshing native plugins compatible for Editor in 0.47 ms, found 2 plugins.
Preloading 0 native plugins for Editor in 0.00 ms.
Invoked RoslynAnalysisRunner static constructor.
RoslynAnalysisRunner will not be running.
RoslynAnalysisRunner has terminated.
Mono: successfully reloaded assembly
- Completed reload, in  1.998 seconds
Platform modules already initialized, skipping
Refreshing native plugins compatible for Editor in 0.49 ms, found 2 plugins.
Preloading 0 native plugins for Editor in 0.00 ms.
Unloading 1791 Unused Serialized files (Serialized files now loaded: 0)
System memory in use before: 162.5 MB.
System memory in use after: 162.5 MB.

Unloading 12 unused Assets to reduce memory usage. Loaded Objects now: 2315.
Total: 4.603059 ms (FindLiveObjects: 0.438573 ms CreateObjectMapping: 0.155543 ms MarkObjects: 3.828401 ms  DeleteObjects: 0.177288 ms)

=======
- Completed reload, in  2.915 seconds
Platform modules already initialized, skipping
Registering precompiled user dll's ...
Registered in 0.019791 seconds.
Begin MonoManager ReloadAssembly
>>>>>>> 7dc3ca630bbfa00f0b91065d4030988b4c5398dd
