Using pre-set license

 COMMAND LINE ARGUMENTS:
/Applications/Unity/Hub/Editor/2020.2.2f1/Unity.app/Contents/MacOS/Unity
-adb2
-batchMode
-noUpm
-name
AssetImportWorker1
-projectPath
/Users/mafegarces/GameProject
-logFile
Logs/AssetImportWorker1.log
-srvPort
52453
Successfully changed project path to: /Users/mafegarces/GameProject
/Users/mafegarces/GameProject
Using Asset Import Pipeline V2.
Refreshing native plugins compatible for Editor in 92.01 ms, found 2 plugins.
Preloading 0 native plugins for Editor in 0.00 ms.
Initialize engine version: 2020.2.2f1 (068178b99f32)
[Subsystems] Discovering subsystems at path /Applications/Unity/Hub/Editor/2020.2.2f1/Unity.app/Contents/Resources/UnitySubsystems
[Subsystems] Discovering subsystems at path /Users/mafegarces/GameProject/Assets
GfxDevice: creating device client; threaded=0
2021-01-30 16:12:24.068 Unity[5917:605795] Color LCD preferred device: Intel HD Graphics 5000 (low power)
2021-01-30 16:12:24.068 Unity[5917:605795] Metal devices available: 1
2021-01-30 16:12:24.068 Unity[5917:605795] 0: Intel HD Graphics 5000 (low power)
2021-01-30 16:12:24.071 Unity[5917:605795] Using device Intel HD Graphics 5000 (low power)
Initializing Metal device caps: Intel HD Graphics 5000
Initialize mono
Mono path[0] = '/Applications/Unity/Hub/Editor/2020.2.2f1/Unity.app/Contents/Managed'
Mono path[1] = '/Applications/Unity/Hub/Editor/2020.2.2f1/Unity.app/Contents/MonoBleedingEdge/lib/mono/unityjit'
Mono config path = '/Applications/Unity/Hub/Editor/2020.2.2f1/Unity.app/Contents/MonoBleedingEdge/etc'
Using monoOptions --debugger-agent=transport=dt_socket,embedding=1,server=y,suspend=n,address=127.0.0.1:56917
Begin MonoManager ReloadAssembly
Registering precompiled unity dll's ...
Register platform support module: /Applications/Unity/Hub/Editor/2020.2.2f1/Unity.app/Contents/PlaybackEngines/MacStandaloneSupport/UnityEditor.OSXStandalone.Extensions.dll
Register platform support module: /Applications/Unity/Hub/Editor/2020.2.2f1/PlaybackEngines/WindowsStandaloneSupport/UnityEditor.WindowsStandalone.Extensions.dll
Registered in 0.003700 seconds.
Native extension for WindowsStandalone target not found
Native extension for OSXStandalone target not found
Refreshing native plugins compatible for Editor in 62.58 ms, found 2 plugins.
Preloading 0 native plugins for Editor in 0.00 ms.
Invoked RoslynAnalysisRunner static constructor.
RoslynAnalysisRunner will not be running.
RoslynAnalysisRunner has terminated.
Mono: successfully reloaded assembly
- Completed reload, in  7.706 seconds
Platform modules already initialized, skipping
Registering precompiled user dll's ...
Registered in 0.002351 seconds.
Begin MonoManager ReloadAssembly
Native extension for WindowsStandalone target not found
Native extension for OSXStandalone target not found
Refreshing native plugins compatible for Editor in 60.90 ms, found 2 plugins.
Preloading 0 native plugins for Editor in 0.00 ms.
Invoked RoslynAnalysisRunner static constructor.
RoslynAnalysisRunner will not be running.
RoslynAnalysisRunner has terminated.
Mono: successfully reloaded assembly
- Completed reload, in  2.095 seconds
Platform modules already initialized, skipping
========================================================================
Worker process is ready to serve import requests
Launching external process: /Applications/Unity/Hub/Editor/2020.2.2f1/Unity.app/Contents/Tools/UnityShaderCompiler
Launched and connected shader compiler UnityShaderCompiler after 0.16 seconds
Refreshing native plugins compatible for Editor in 0.64 ms, found 2 plugins.
Preloading 0 native plugins for Editor in 0.00 ms.
Unloading 1794 Unused Serialized files (Serialized files now loaded: 0)
System memory in use before: 142.6 MB.
System memory in use after: 142.6 MB.

Unloading 24 unused Assets to reduce memory usage. Loaded Objects now: 2235.
Total: 3.646584 ms (FindLiveObjects: 0.296704 ms CreateObjectMapping: 0.195691 ms MarkObjects: 2.962008 ms  DeleteObjects: 0.190348 ms)

========================================================================
Received Import Request.
  path: Assets/Graphics/pugo.png
  artifactKey: Guid(7d4df7e583c7e4ae3af00cf257c21a7e) Importer(815301076,1909f56bfc062723c751e8b465ee728b)
Start importing Assets/Graphics/pugo.png using Guid(7d4df7e583c7e4ae3af00cf257c21a7e) Importer(815301076,1909f56bfc062723c751e8b465ee728b)  -> (artifact id: '3835997ce9a109203154de5b2ea5623d') in 1.339076 seconds
  Import took 1.347374 seconds .

========================================================================
Received Prepare
Registering precompiled user dll's ...
Registered in 0.001175 seconds.
Begin MonoManager ReloadAssembly
Native extension for WindowsStandalone target not found
Native extension for OSXStandalone target not found
Refreshing native plugins compatible for Editor in 0.47 ms, found 2 plugins.
Preloading 0 native plugins for Editor in 0.00 ms.
Invoked RoslynAnalysisRunner static constructor.
RoslynAnalysisRunner will not be running.
RoslynAnalysisRunner has terminated.
Mono: successfully reloaded assembly
- Completed reload, in  1.736 seconds
Platform modules already initialized, skipping
Refreshing native plugins compatible for Editor in 0.54 ms, found 2 plugins.
Preloading 0 native plugins for Editor in 0.00 ms.
Unloading 1789 Unused Serialized files (Serialized files now loaded: 0)
System memory in use before: 150.5 MB.
System memory in use after: 150.5 MB.

Unloading 12 unused Assets to reduce memory usage. Loaded Objects now: 2244.
Total: 3.688103 ms (FindLiveObjects: 0.348213 ms CreateObjectMapping: 0.418152 ms MarkObjects: 2.773693 ms  DeleteObjects: 0.145717 ms)

========================================================================
Received Prepare
Registering precompiled user dll's ...
Registered in 0.001760 seconds.
Begin MonoManager ReloadAssembly
Native extension for WindowsStandalone target not found
Native extension for OSXStandalone target not found
Refreshing native plugins compatible for Editor in 1.38 ms, found 2 plugins.
Preloading 0 native plugins for Editor in 0.00 ms.
Invoked RoslynAnalysisRunner static constructor.
RoslynAnalysisRunner will not be running.
RoslynAnalysisRunner has terminated.
Mono: successfully reloaded assembly
- Completed reload, in  3.922 seconds
Platform modules already initialized, skipping
Refreshing native plugins compatible for Editor in 2.02 ms, found 2 plugins.
Preloading 0 native plugins for Editor in 0.00 ms.
Unloading 1789 Unused Serialized files (Serialized files now loaded: 0)
System memory in use before: 150.9 MB.
System memory in use after: 150.9 MB.

Unloading 12 unused Assets to reduce memory usage. Loaded Objects now: 2247.
Total: 8.256784 ms (FindLiveObjects: 0.763985 ms CreateObjectMapping: 0.265978 ms MarkObjects: 7.048146 ms  DeleteObjects: 0.175352 ms)

========================================================================
Received Import Request.
  Time since last request: 34.679157 seconds.
  path: Assets/Graphics/pugo.png
  artifactKey: Guid(7d4df7e583c7e4ae3af00cf257c21a7e) Importer(815301076,1909f56bfc062723c751e8b465ee728b)
Start importing Assets/Graphics/pugo.png using Guid(7d4df7e583c7e4ae3af00cf257c21a7e) Importer(815301076,1909f56bfc062723c751e8b465ee728b)  -> (artifact id: '69db6a6f87158034edad86930620293b') in 0.174751 seconds
  Import took 0.191190 seconds .

========================================================================
Received Prepare
Registering precompiled user dll's ...
Registered in 0.001262 seconds.
Begin MonoManager ReloadAssembly
Native extension for WindowsStandalone target not found
Native extension for OSXStandalone target not found
Refreshing native plugins compatible for Editor in 0.90 ms, found 2 plugins.
Preloading 0 native plugins for Editor in 0.00 ms.
Invoked RoslynAnalysisRunner static constructor.
RoslynAnalysisRunner will not be running.
RoslynAnalysisRunner has terminated.
Mono: successfully reloaded assembly
- Completed reload, in  4.428 seconds
Platform modules already initialized, skipping
Refreshing native plugins compatible for Editor in 0.48 ms, found 2 plugins.
Preloading 0 native plugins for Editor in 0.00 ms.
Unloading 1789 Unused Serialized files (Serialized files now loaded: 0)
System memory in use before: 151.2 MB.
System memory in use after: 151.2 MB.

Unloading 12 unused Assets to reduce memory usage. Loaded Objects now: 2250.
Total: 3.801947 ms (FindLiveObjects: 0.714510 ms CreateObjectMapping: 0.189414 ms MarkObjects: 2.722010 ms  DeleteObjects: 0.173791 ms)

========================================================================
Received Prepare
Registering precompiled user dll's ...
Registered in 0.000795 seconds.
Begin MonoManager ReloadAssembly
Native extension for WindowsStandalone target not found
Native extension for OSXStandalone target not found
Refreshing native plugins compatible for Editor in 0.45 ms, found 2 plugins.
Preloading 0 native plugins for Editor in 0.00 ms.
Invoked RoslynAnalysisRunner static constructor.
RoslynAnalysisRunner will not be running.
RoslynAnalysisRunner has terminated.
Mono: successfully reloaded assembly
- Completed reload, in  1.880 seconds
Platform modules already initialized, skipping
Refreshing native plugins compatible for Editor in 0.45 ms, found 2 plugins.
Preloading 0 native plugins for Editor in 0.00 ms.
Unloading 1789 Unused Serialized files (Serialized files now loaded: 0)
System memory in use before: 151.5 MB.
System memory in use after: 151.5 MB.

Unloading 12 unused Assets to reduce memory usage. Loaded Objects now: 2253.
Total: 3.471406 ms (FindLiveObjects: 0.306657 ms CreateObjectMapping: 0.098076 ms MarkObjects: 2.894867 ms  DeleteObjects: 0.169295 ms)

========================================================================
Received Prepare
Registering precompiled user dll's ...
Registered in 0.009346 seconds.
Begin MonoManager ReloadAssembly
Native extension for WindowsStandalone target not found
Native extension for OSXStandalone target not found
Refreshing native plugins compatible for Editor in 1.48 ms, found 2 plugins.
Preloading 0 native plugins for Editor in 0.00 ms.
Invoked RoslynAnalysisRunner static constructor.
RoslynAnalysisRunner will not be running.
RoslynAnalysisRunner has terminated.
Mono: successfully reloaded assembly
- Completed reload, in  3.767 seconds
Platform modules already initialized, skipping
Refreshing native plugins compatible for Editor in 0.53 ms, found 2 plugins.
Preloading 0 native plugins for Editor in 0.00 ms.
Unloading 1789 Unused Serialized files (Serialized files now loaded: 0)
System memory in use before: 151.8 MB.
System memory in use after: 151.8 MB.

Unloading 12 unused Assets to reduce memory usage. Loaded Objects now: 2256.
Total: 4.020886 ms (FindLiveObjects: 0.446510 ms CreateObjectMapping: 0.162010 ms MarkObjects: 3.260399 ms  DeleteObjects: 0.148875 ms)

========================================================================
Received Prepare
Registering precompiled user dll's ...
Registered in 0.010398 seconds.
Begin MonoManager ReloadAssembly
Native extension for WindowsStandalone target not found
Native extension for OSXStandalone target not found
Refreshing native plugins compatible for Editor in 0.45 ms, found 2 plugins.
Preloading 0 native plugins for Editor in 0.00 ms.
Invoked RoslynAnalysisRunner static constructor.
RoslynAnalysisRunner will not be running.
RoslynAnalysisRunner has terminated.
Mono: successfully reloaded assembly
- Completed reload, in  2.019 seconds
Platform modules already initialized, skipping
Refreshing native plugins compatible for Editor in 0.54 ms, found 2 plugins.
Preloading 0 native plugins for Editor in 0.00 ms.
Unloading 1789 Unused Serialized files (Serialized files now loaded: 0)
System memory in use before: 152.2 MB.
System memory in use after: 152.1 MB.

Unloading 12 unused Assets to reduce memory usage. Loaded Objects now: 2259.
Total: 4.347309 ms (FindLiveObjects: 0.544982 ms CreateObjectMapping: 0.157262 ms MarkObjects: 3.467068 ms  DeleteObjects: 0.171773 ms)

========================================================================
Received Import Request.
  Time since last request: 488.121786 seconds.
  path: Assets/Graphics/pugo.png
  artifactKey: Guid(7d4df7e583c7e4ae3af00cf257c21a7e) Importer(815301076,1909f56bfc062723c751e8b465ee728b)
Start importing Assets/Graphics/pugo.png using Guid(7d4df7e583c7e4ae3af00cf257c21a7e) Importer(815301076,1909f56bfc062723c751e8b465ee728b)  -> (artifact id: 'd19e31f341160d16e4f43581e73982f8') in 0.149383 seconds
  Import took 0.156894 seconds .

========================================================================
Received Prepare
Registering precompiled user dll's ...
Registered in 0.001819 seconds.
Begin MonoManager ReloadAssembly
Native extension for WindowsStandalone target not found
Native extension for OSXStandalone target not found
Refreshing native plugins compatible for Editor in 0.79 ms, found 2 plugins.
Preloading 0 native plugins for Editor in 0.00 ms.
Invoked RoslynAnalysisRunner static constructor.
RoslynAnalysisRunner will not be running.
RoslynAnalysisRunner has terminated.
Mono: successfully reloaded assembly
- Completed reload, in  2.166 seconds
Platform modules already initialized, skipping
Refreshing native plugins compatible for Editor in 0.62 ms, found 2 plugins.
Preloading 0 native plugins for Editor in 0.00 ms.
Unloading 1789 Unused Serialized files (Serialized files now loaded: 0)
System memory in use before: 152.5 MB.
System memory in use after: 152.5 MB.

Unloading 12 unused Assets to reduce memory usage. Loaded Objects now: 2265.
Total: 4.627342 ms (FindLiveObjects: 0.809075 ms CreateObjectMapping: 0.273348 ms MarkObjects: 3.361026 ms  DeleteObjects: 0.181121 ms)

========================================================================
Received Prepare
Registering precompiled user dll's ...
Registered in 0.001342 seconds.
Begin MonoManager ReloadAssembly
Native extension for WindowsStandalone target not found
Native extension for OSXStandalone target not found
Refreshing native plugins compatible for Editor in 0.79 ms, found 2 plugins.
Preloading 0 native plugins for Editor in 0.00 ms.
Invoked RoslynAnalysisRunner static constructor.
RoslynAnalysisRunner will not be running.
RoslynAnalysisRunner has terminated.
Mono: successfully reloaded assembly
- Completed reload, in  1.824 seconds
Platform modules already initialized, skipping
Refreshing native plugins compatible for Editor in 0.46 ms, found 2 plugins.
Preloading 0 native plugins for Editor in 0.00 ms.
Unloading 1789 Unused Serialized files (Serialized files now loaded: 0)
System memory in use before: 152.8 MB.
System memory in use after: 152.7 MB.

Unloading 12 unused Assets to reduce memory usage. Loaded Objects now: 2268.
Total: 4.176395 ms (FindLiveObjects: 0.564535 ms CreateObjectMapping: 0.194670 ms MarkObjects: 3.097942 ms  DeleteObjects: 0.316252 ms)

========================================================================
Received Prepare
Registering precompiled user dll's ...
Registered in 0.001672 seconds.
Begin MonoManager ReloadAssembly
Native extension for WindowsStandalone target not found
Native extension for OSXStandalone target not found
Refreshing native plugins compatible for Editor in 0.48 ms, found 2 plugins.
Preloading 0 native plugins for Editor in 0.00 ms.
Invoked RoslynAnalysisRunner static constructor.
RoslynAnalysisRunner will not be running.
RoslynAnalysisRunner has terminated.
Mono: successfully reloaded assembly
- Completed reload, in  2.571 seconds
Platform modules already initialized, skipping
Refreshing native plugins compatible for Editor in 1.06 ms, found 2 plugins.
Preloading 0 native plugins for Editor in 0.00 ms.
Unloading 1789 Unused Serialized files (Serialized files now loaded: 0)
System memory in use before: 153.1 MB.
System memory in use after: 153.1 MB.

Unloading 12 unused Assets to reduce memory usage. Loaded Objects now: 2271.
Total: 4.327483 ms (FindLiveObjects: 0.708095 ms CreateObjectMapping: 0.153200 ms MarkObjects: 3.288207 ms  DeleteObjects: 0.172763 ms)

========================================================================
Received Prepare
Registering precompiled user dll's ...
Registered in 0.010254 seconds.
Begin MonoManager ReloadAssembly
Native extension for WindowsStandalone target not found
Native extension for OSXStandalone target not found
Refreshing native plugins compatible for Editor in 0.51 ms, found 2 plugins.
Preloading 0 native plugins for Editor in 0.00 ms.
Invoked RoslynAnalysisRunner static constructor.
RoslynAnalysisRunner will not be running.
RoslynAnalysisRunner has terminated.
Mono: successfully reloaded assembly
- Completed reload, in  2.075 seconds
Platform modules already initialized, skipping
Refreshing native plugins compatible for Editor in 0.71 ms, found 2 plugins.
Preloading 0 native plugins for Editor in 0.00 ms.
Unloading 1789 Unused Serialized files (Serialized files now loaded: 0)
System memory in use before: 153.4 MB.
System memory in use after: 153.4 MB.

Unloading 12 unused Assets to reduce memory usage. Loaded Objects now: 2274.
Total: 4.800792 ms (FindLiveObjects: 0.510037 ms CreateObjectMapping: 0.165322 ms MarkObjects: 3.956192 ms  DeleteObjects: 0.163946 ms)

========================================================================
Received Prepare
Registering precompiled user dll's ...
Registered in 0.001239 seconds.
Begin MonoManager ReloadAssembly
Native extension for WindowsStandalone target not found
Native extension for OSXStandalone target not found
Refreshing native plugins compatible for Editor in 1.54 ms, found 2 plugins.
Preloading 0 native plugins for Editor in 0.00 ms.
Invoked RoslynAnalysisRunner static constructor.
RoslynAnalysisRunner will not be running.
RoslynAnalysisRunner has terminated.
Mono: successfully reloaded assembly
- Completed reload, in  2.057 seconds
Platform modules already initialized, skipping
Refreshing native plugins compatible for Editor in 0.70 ms, found 2 plugins.
Preloading 0 native plugins for Editor in 0.00 ms.
Unloading 1789 Unused Serialized files (Serialized files now loaded: 0)
System memory in use before: 153.7 MB.
System memory in use after: 153.7 MB.

Unloading 12 unused Assets to reduce memory usage. Loaded Objects now: 2277.
Total: 3.238481 ms (FindLiveObjects: 0.347628 ms CreateObjectMapping: 0.137800 ms MarkObjects: 2.595906 ms  DeleteObjects: 0.154475 ms)

========================================================================
Received Prepare
Registering precompiled user dll's ...
Registered in 0.000852 seconds.
Begin MonoManager ReloadAssembly
Native extension for WindowsStandalone target not found
Native extension for OSXStandalone target not found
Refreshing native plugins compatible for Editor in 0.44 ms, found 2 plugins.
Preloading 0 native plugins for Editor in 0.00 ms.
Invoked RoslynAnalysisRunner static constructor.
RoslynAnalysisRunner will not be running.
RoslynAnalysisRunner has terminated.
Mono: successfully reloaded assembly
- Completed reload, in  1.890 seconds
Platform modules already initialized, skipping
Refreshing native plugins compatible for Editor in 0.46 ms, found 2 plugins.
Preloading 0 native plugins for Editor in 0.00 ms.
Unloading 1789 Unused Serialized files (Serialized files now loaded: 0)
System memory in use before: 154.0 MB.
System memory in use after: 154.0 MB.

Unloading 12 unused Assets to reduce memory usage. Loaded Objects now: 2280.
Total: 4.595159 ms (FindLiveObjects: 0.664568 ms CreateObjectMapping: 0.175720 ms MarkObjects: 3.555337 ms  DeleteObjects: 0.195950 ms)

========================================================================
Received Prepare
Registering precompiled user dll's ...
Registered in 0.009658 seconds.
Begin MonoManager ReloadAssembly
Native extension for WindowsStandalone target not found
Native extension for OSXStandalone target not found
Refreshing native plugins compatible for Editor in 1.10 ms, found 2 plugins.
Preloading 0 native plugins for Editor in 0.00 ms.
Invoked RoslynAnalysisRunner static constructor.
RoslynAnalysisRunner will not be running.
RoslynAnalysisRunner has terminated.
Mono: successfully reloaded assembly
- Completed reload, in  3.780 seconds
Platform modules already initialized, skipping
Refreshing native plugins compatible for Editor in 0.66 ms, found 2 plugins.
Preloading 0 native plugins for Editor in 0.00 ms.
Unloading 1789 Unused Serialized files (Serialized files now loaded: 0)
System memory in use before: 154.3 MB.
System memory in use after: 154.3 MB.

Unloading 12 unused Assets to reduce memory usage. Loaded Objects now: 2283.
Total: 6.018552 ms (FindLiveObjects: 0.583643 ms CreateObjectMapping: 0.356160 ms MarkObjects: 4.553408 ms  DeleteObjects: 0.519595 ms)

========================================================================
Received Prepare
Registering precompiled user dll's ...
Registered in 0.000797 seconds.
Begin MonoManager ReloadAssembly
Native extension for WindowsStandalone target not found
Native extension for OSXStandalone target not found
Refreshing native plugins compatible for Editor in 0.51 ms, found 2 plugins.
Preloading 0 native plugins for Editor in 0.00 ms.
Invoked RoslynAnalysisRunner static constructor.
RoslynAnalysisRunner will not be running.
RoslynAnalysisRunner has terminated.
Mono: successfully reloaded assembly
- Completed reload, in  1.877 seconds
Platform modules already initialized, skipping
Refreshing native plugins compatible for Editor in 0.63 ms, found 2 plugins.
Preloading 0 native plugins for Editor in 0.00 ms.
Unloading 1789 Unused Serialized files (Serialized files now loaded: 0)
System memory in use before: 154.6 MB.
System memory in use after: 154.6 MB.

Unloading 12 unused Assets to reduce memory usage. Loaded Objects now: 2286.
Total: 4.153450 ms (FindLiveObjects: 0.373130 ms CreateObjectMapping: 0.147802 ms MarkObjects: 3.464362 ms  DeleteObjects: 0.164710 ms)

========================================================================
Received Prepare
Registering precompiled user dll's ...
Registered in 0.001409 seconds.
Begin MonoManager ReloadAssembly
Native extension for WindowsStandalone target not found
Native extension for OSXStandalone target not found
Refreshing native plugins compatible for Editor in 1.56 ms, found 2 plugins.
Preloading 0 native plugins for Editor in 0.00 ms.
Invoked RoslynAnalysisRunner static constructor.
RoslynAnalysisRunner will not be running.
RoslynAnalysisRunner has terminated.
Mono: successfully reloaded assembly
- Completed reload, in  3.859 seconds
Platform modules already initialized, skipping
Refreshing native plugins compatible for Editor in 0.87 ms, found 2 plugins.
Preloading 0 native plugins for Editor in 0.00 ms.
Unloading 1789 Unused Serialized files (Serialized files now loaded: 0)
System memory in use before: 154.9 MB.
System memory in use after: 154.9 MB.

Unloading 12 unused Assets to reduce memory usage. Loaded Objects now: 2289.
Total: 9.510121 ms (FindLiveObjects: 0.597196 ms CreateObjectMapping: 0.317794 ms MarkObjects: 8.318861 ms  DeleteObjects: 0.271622 ms)

========================================================================
Received Prepare
Registering precompiled user dll's ...
Registered in 0.001032 seconds.
Begin MonoManager ReloadAssembly
Native extension for WindowsStandalone target not found
Native extension for OSXStandalone target not found
Refreshing native plugins compatible for Editor in 0.45 ms, found 2 plugins.
Preloading 0 native plugins for Editor in 0.00 ms.
Invoked RoslynAnalysisRunner static constructor.
RoslynAnalysisRunner will not be running.
RoslynAnalysisRunner has terminated.
Mono: successfully reloaded assembly
- Completed reload, in  1.985 seconds
Platform modules already initialized, skipping
Refreshing native plugins compatible for Editor in 0.67 ms, found 2 plugins.
Preloading 0 native plugins for Editor in 0.00 ms.
Unloading 1789 Unused Serialized files (Serialized files now loaded: 0)
System memory in use before: 155.2 MB.
System memory in use after: 155.2 MB.

Unloading 12 unused Assets to reduce memory usage. Loaded Objects now: 2292.
Total: 3.814189 ms (FindLiveObjects: 0.537645 ms CreateObjectMapping: 0.153580 ms MarkObjects: 2.915965 ms  DeleteObjects: 0.202899 ms)

========================================================================
Received Prepare
Registering precompiled user dll's ...
Registered in 0.001352 seconds.
Begin MonoManager ReloadAssembly
Native extension for WindowsStandalone target not found
Native extension for OSXStandalone target not found
Refreshing native plugins compatible for Editor in 0.47 ms, found 2 plugins.
Preloading 0 native plugins for Editor in 0.00 ms.
Invoked RoslynAnalysisRunner static constructor.
RoslynAnalysisRunner will not be running.
RoslynAnalysisRunner has terminated.
Mono: successfully reloaded assembly
- Completed reload, in  2.738 seconds
Platform modules already initialized, skipping
Refreshing native plugins compatible for Editor in 1.09 ms, found 2 plugins.
Preloading 0 native plugins for Editor in 0.00 ms.
Unloading 1789 Unused Serialized files (Serialized files now loaded: 0)
System memory in use before: 155.4 MB.
System memory in use after: 155.4 MB.

Unloading 12 unused Assets to reduce memory usage. Loaded Objects now: 2295.
Total: 6.825248 ms (FindLiveObjects: 0.841849 ms CreateObjectMapping: 0.341458 ms MarkObjects: 5.378433 ms  DeleteObjects: 0.260762 ms)

========================================================================
Received Prepare
Registering precompiled user dll's ...
Registered in 0.008597 seconds.
Begin MonoManager ReloadAssembly
Native extension for WindowsStandalone target not found
Native extension for OSXStandalone target not found
Refreshing native plugins compatible for Editor in 0.42 ms, found 2 plugins.
Preloading 0 native plugins for Editor in 0.00 ms.
Invoked RoslynAnalysisRunner static constructor.
RoslynAnalysisRunner will not be running.
RoslynAnalysisRunner has terminated.
Mono: successfully reloaded assembly
- Completed reload, in  1.900 seconds
Platform modules already initialized, skipping
Refreshing native plugins compatible for Editor in 0.55 ms, found 2 plugins.
Preloading 0 native plugins for Editor in 0.00 ms.
Unloading 1789 Unused Serialized files (Serialized files now loaded: 0)
System memory in use before: 154.8 MB.
System memory in use after: 154.8 MB.

Unloading 12 unused Assets to reduce memory usage. Loaded Objects now: 2298.
Total: 4.588635 ms (FindLiveObjects: 0.556945 ms CreateObjectMapping: 0.186305 ms MarkObjects: 3.653051 ms  DeleteObjects: 0.189020 ms)

========================================================================
Received Prepare
Registering precompiled user dll's ...
Registered in 0.001766 seconds.
Begin MonoManager ReloadAssembly
Native extension for WindowsStandalone target not found
Native extension for OSXStandalone target not found
Refreshing native plugins compatible for Editor in 2.00 ms, found 2 plugins.
Preloading 0 native plugins for Editor in 0.00 ms.
Invoked RoslynAnalysisRunner static constructor.
RoslynAnalysisRunner will not be running.
RoslynAnalysisRunner has terminated.
Mono: successfully reloaded assembly
- Completed reload, in  4.559 seconds
Platform modules already initialized, skipping
Refreshing native plugins compatible for Editor in 1.48 ms, found 2 plugins.
Preloading 0 native plugins for Editor in 0.00 ms.
Unloading 1789 Unused Serialized files (Serialized files now loaded: 0)
System memory in use before: 155.1 MB.
System memory in use after: 155.1 MB.

Unloading 12 unused Assets to reduce memory usage. Loaded Objects now: 2301.
Total: 7.936954 ms (FindLiveObjects: 1.417226 ms CreateObjectMapping: 0.257762 ms MarkObjects: 5.876734 ms  DeleteObjects: 0.377228 ms)

========================================================================
Received Prepare
Registering precompiled user dll's ...
Registered in 0.002994 seconds.
Begin MonoManager ReloadAssembly
Native extension for WindowsStandalone target not found
Native extension for OSXStandalone target not found
Refreshing native plugins compatible for Editor in 9.75 ms, found 2 plugins.
Preloading 0 native plugins for Editor in 0.00 ms.
Invoked RoslynAnalysisRunner static constructor.
RoslynAnalysisRunner will not be running.
RoslynAnalysisRunner has terminated.
Mono: successfully reloaded assembly
- Completed reload, in  2.253 seconds
Platform modules already initialized, skipping
Refreshing native plugins compatible for Editor in 0.55 ms, found 2 plugins.
Preloading 0 native plugins for Editor in 0.00 ms.
Unloading 1789 Unused Serialized files (Serialized files now loaded: 0)
System memory in use before: 155.4 MB.
System memory in use after: 155.4 MB.

Unloading 12 unused Assets to reduce memory usage. Loaded Objects now: 2304.
Total: 4.913361 ms (FindLiveObjects: 1.115995 ms CreateObjectMapping: 0.147478 ms MarkObjects: 3.339206 ms  DeleteObjects: 0.306249 ms)

========================================================================
Received Prepare
Registering precompiled user dll's ...
Registered in 0.001008 seconds.
Begin MonoManager ReloadAssembly
Native extension for WindowsStandalone target not found
Native extension for OSXStandalone target not found
Refreshing native plugins compatible for Editor in 0.44 ms, found 2 plugins.
Preloading 0 native plugins for Editor in 0.00 ms.
Invoked RoslynAnalysisRunner static constructor.
RoslynAnalysisRunner will not be running.
RoslynAnalysisRunner has terminated.
Mono: successfully reloaded assembly
- Completed reload, in  1.893 seconds
Platform modules already initialized, skipping
Refreshing native plugins compatible for Editor in 0.81 ms, found 2 plugins.
Preloading 0 native plugins for Editor in 0.00 ms.
Unloading 1789 Unused Serialized files (Serialized files now loaded: 0)
System memory in use before: 155.7 MB.
System memory in use after: 155.7 MB.

Unloading 12 unused Assets to reduce memory usage. Loaded Objects now: 2307.
Total: 3.656778 ms (FindLiveObjects: 0.354748 ms CreateObjectMapping: 0.100289 ms MarkObjects: 3.041188 ms  DeleteObjects: 0.156721 ms)

========================================================================
Received Prepare
Registering precompiled user dll's ...
Registered in 0.010910 seconds.
Begin MonoManager ReloadAssembly
Native extension for WindowsStandalone target not found
Native extension for OSXStandalone target not found
Refreshing native plugins compatible for Editor in 0.55 ms, found 2 plugins.
Preloading 0 native plugins for Editor in 0.00 ms.
Invoked RoslynAnalysisRunner static constructor.
RoslynAnalysisRunner will not be running.
RoslynAnalysisRunner has terminated.
Mono: successfully reloaded assembly
- Completed reload, in  2.214 seconds
Platform modules already initialized, skipping
Refreshing native plugins compatible for Editor in 0.48 ms, found 2 plugins.
Preloading 0 native plugins for Editor in 0.00 ms.
Unloading 1789 Unused Serialized files (Serialized files now loaded: 0)
System memory in use before: 156.0 MB.
System memory in use after: 156.0 MB.

Unloading 12 unused Assets to reduce memory usage. Loaded Objects now: 2310.
Total: 4.247620 ms (FindLiveObjects: 0.852855 ms CreateObjectMapping: 0.267372 ms MarkObjects: 2.921921 ms  DeleteObjects: 0.202348 ms)

========================================================================
Received Prepare
Registering precompiled user dll's ...
Registered in 0.010214 seconds.
Begin MonoManager ReloadAssembly
Native extension for WindowsStandalone target not found
Native extension for OSXStandalone target not found
Refreshing native plugins compatible for Editor in 0.56 ms, found 2 plugins.
Preloading 0 native plugins for Editor in 0.00 ms.
Invoked RoslynAnalysisRunner static constructor.
RoslynAnalysisRunner will not be running.
RoslynAnalysisRunner has terminated.
Mono: successfully reloaded assembly
- Completed reload, in  4.437 seconds
Platform modules already initialized, skipping
Refreshing native plugins compatible for Editor in 1.20 ms, found 2 plugins.
Preloading 0 native plugins for Editor in 0.00 ms.
Unloading 1789 Unused Serialized files (Serialized files now loaded: 0)
System memory in use before: 156.3 MB.
System memory in use after: 156.3 MB.

Unloading 12 unused Assets to reduce memory usage. Loaded Objects now: 2313.
Total: 10.522200 ms (FindLiveObjects: 2.449625 ms CreateObjectMapping: 0.293207 ms MarkObjects: 7.196170 ms  DeleteObjects: 0.580277 ms)

========================================================================
Received Import Request.
  Time since last request: 1634.037636 seconds.
  path: Assets/Graphics/spritesheet_pom2.png
  artifactKey: Guid(93dfc06c35a0745f981bfce63dd040be) Importer(815301076,1909f56bfc062723c751e8b465ee728b)
Start importing Assets/Graphics/spritesheet_pom2.png using Guid(93dfc06c35a0745f981bfce63dd040be) Importer(815301076,1909f56bfc062723c751e8b465ee728b)  -> (artifact id: '4cf460ce1fae8cdb4dda89c168afafa1') in 0.237882 seconds
  Import took 0.248624 seconds .

========================================================================
Received Import Request.
  Time since last request: 15.319884 seconds.
  path: Assets/Graphics/spritesheet_pom2.png
  artifactKey: Guid(93dfc06c35a0745f981bfce63dd040be) Importer(815301076,1909f56bfc062723c751e8b465ee728b)
Start importing Assets/Graphics/spritesheet_pom2.png using Guid(93dfc06c35a0745f981bfce63dd040be) Importer(815301076,1909f56bfc062723c751e8b465ee728b)  -> (artifact id: '3cf55b91176963f899e65149f13096d1') in 0.018911 seconds
  Import took 0.027995 seconds .

========================================================================
Received Import Request.
  Time since last request: 0.006987 seconds.
  path: Assets/Graphics/spritesheet_pom2.png
  artifactKey: Guid(93dfc06c35a0745f981bfce63dd040be) Importer(815301076,1909f56bfc062723c751e8b465ee728b)
Start importing Assets/Graphics/spritesheet_pom2.png using Guid(93dfc06c35a0745f981bfce63dd040be) Importer(815301076,1909f56bfc062723c751e8b465ee728b)  -> (artifact id: '3cf55b91176963f899e65149f13096d1') in 0.033645 seconds
  Import took 0.045654 seconds .

========================================================================
Received Import Request.
  Time since last request: 5.470421 seconds.
  path: Assets/Graphics/spritesheet_pom2.png
  artifactKey: Guid(93dfc06c35a0745f981bfce63dd040be) Importer(815301076,1909f56bfc062723c751e8b465ee728b)
Start importing Assets/Graphics/spritesheet_pom2.png using Guid(93dfc06c35a0745f981bfce63dd040be) Importer(815301076,1909f56bfc062723c751e8b465ee728b)  -> (artifact id: '32d10efdaf2c95871bf12068f9503b33') in 0.011788 seconds
  Import took 0.019720 seconds .

========================================================================
Received Import Request.
  Time since last request: 0.036763 seconds.
  path: Assets/Graphics/spritesheet_pom2.png
  artifactKey: Guid(93dfc06c35a0745f981bfce63dd040be) Importer(815301076,1909f56bfc062723c751e8b465ee728b)
Start importing Assets/Graphics/spritesheet_pom2.png using Guid(93dfc06c35a0745f981bfce63dd040be) Importer(815301076,1909f56bfc062723c751e8b465ee728b)  -> (artifact id: '32d10efdaf2c95871bf12068f9503b33') in 0.019900 seconds
  Import took 0.031167 seconds .

========================================================================
Received Import Request.
  Time since last request: 303.305822 seconds.
  path: Assets/Graphics/spritesheet_pom2.png
  artifactKey: Guid(93dfc06c35a0745f981bfce63dd040be) Importer(815301076,1909f56bfc062723c751e8b465ee728b)
Start importing Assets/Graphics/spritesheet_pom2.png using Guid(93dfc06c35a0745f981bfce63dd040be) Importer(815301076,1909f56bfc062723c751e8b465ee728b)  -> (artifact id: 'b090eb1f5e2cd8e28cbf4bf57a476f8b') in 0.133162 seconds
  Import took 0.193067 seconds .

========================================================================
Received Import Request.
  Time since last request: 134.958202 seconds.
  path: Assets/Graphics/spritesheet_pom-3.png
  artifactKey: Guid(57192d154617048ee829c137e9e5c322) Importer(815301076,1909f56bfc062723c751e8b465ee728b)
Start importing Assets/Graphics/spritesheet_pom-3.png using Guid(57192d154617048ee829c137e9e5c322) Importer(815301076,1909f56bfc062723c751e8b465ee728b)  -> (artifact id: '9030057e5d12db9da3837520c12ed666') in 0.096787 seconds
  Import took 0.177855 seconds .

========================================================================
Received Import Request.
  Time since last request: 0.005768 seconds.
  path: Assets/Graphics/spritesheet_pom-3.png
  artifactKey: Guid(57192d154617048ee829c137e9e5c322) Importer(815301076,1909f56bfc062723c751e8b465ee728b)
Start importing Assets/Graphics/spritesheet_pom-3.png using Guid(57192d154617048ee829c137e9e5c322) Importer(815301076,1909f56bfc062723c751e8b465ee728b)  -> (artifact id: '9030057e5d12db9da3837520c12ed666') in 0.022125 seconds
  Import took 0.028911 seconds .

========================================================================
Received Import Request.
  Time since last request: 16.328928 seconds.
  path: Assets/Graphics/spritesheet_pom-3.png
  artifactKey: Guid(57192d154617048ee829c137e9e5c322) Importer(815301076,1909f56bfc062723c751e8b465ee728b)
Start importing Assets/Graphics/spritesheet_pom-3.png using Guid(57192d154617048ee829c137e9e5c322) Importer(815301076,1909f56bfc062723c751e8b465ee728b)  -> (artifact id: 'c8da1f27027e5738a7643b5b48a4e9f5') in 0.023590 seconds
  Import took 0.035102 seconds .

========================================================================
Received Import Request.
  Time since last request: 0.007729 seconds.
  path: Assets/Graphics/spritesheet_pom-3.png
  artifactKey: Guid(57192d154617048ee829c137e9e5c322) Importer(815301076,1909f56bfc062723c751e8b465ee728b)
Start importing Assets/Graphics/spritesheet_pom-3.png using Guid(57192d154617048ee829c137e9e5c322) Importer(815301076,1909f56bfc062723c751e8b465ee728b)  -> (artifact id: 'c8da1f27027e5738a7643b5b48a4e9f5') in 0.018246 seconds
  Import took 0.028999 seconds .

========================================================================
Received Import Request.
  Time since last request: 389.506214 seconds.
  path: Assets/Graphics/spritesheet_pom-3.png
  artifactKey: Guid(57192d154617048ee829c137e9e5c322) Importer(815301076,1909f56bfc062723c751e8b465ee728b)
Start importing Assets/Graphics/spritesheet_pom-3.png using Guid(57192d154617048ee829c137e9e5c322) Importer(815301076,1909f56bfc062723c751e8b465ee728b)  -> (artifact id: '3f1e2a9b9b341c1b134a0e98e8005e6b') in 0.192328 seconds
  Import took 0.253640 seconds .

========================================================================
Received Prepare
Registering precompiled user dll's ...
Registered in 0.000862 seconds.
Begin MonoManager ReloadAssembly
Native extension for WindowsStandalone target not found
Native extension for OSXStandalone target not found
Refreshing native plugins compatible for Editor in 0.50 ms, found 2 plugins.
Preloading 0 native plugins for Editor in 0.00 ms.
Invoked RoslynAnalysisRunner static constructor.
RoslynAnalysisRunner will not be running.
RoslynAnalysisRunner has terminated.
Mono: successfully reloaded assembly
- Completed reload, in  2.248 seconds
Platform modules already initialized, skipping
Refreshing native plugins compatible for Editor in 0.61 ms, found 2 plugins.
Preloading 0 native plugins for Editor in 0.00 ms.
Unloading 1789 Unused Serialized files (Serialized files now loaded: 0)
System memory in use before: 156.9 MB.
System memory in use after: 157.0 MB.

Unloading 12 unused Assets to reduce memory usage. Loaded Objects now: 2335.
Total: 5.052558 ms (FindLiveObjects: 0.606390 ms CreateObjectMapping: 0.230887 ms MarkObjects: 3.974432 ms  DeleteObjects: 0.237610 ms)

========================================================================
Received Import Request.
  Time since last request: 373.578510 seconds.
  path: Assets/Animations/Pomeranian.controller
  artifactKey: Guid(c3a2c404b2abe480db6204d6c02dfb2c) Importer(815301076,1909f56bfc062723c751e8b465ee728b)
Start importing Assets/Animations/Pomeranian.controller using Guid(c3a2c404b2abe480db6204d6c02dfb2c) Importer(815301076,1909f56bfc062723c751e8b465ee728b)  -> (artifact id: '9a1f76687f7149c53d938168445b835c') in 0.823087 seconds
  Import took 0.833250 seconds .

========================================================================
Received Prepare
Registering precompiled user dll's ...
Registered in 0.002683 seconds.
Begin MonoManager ReloadAssembly
Native extension for WindowsStandalone target not found
Native extension for OSXStandalone target not found
Refreshing native plugins compatible for Editor in 0.89 ms, found 2 plugins.
Preloading 0 native plugins for Editor in 0.00 ms.
Invoked RoslynAnalysisRunner static constructor.
RoslynAnalysisRunner will not be running.
RoslynAnalysisRunner has terminated.
Mono: successfully reloaded assembly
- Completed reload, in  1.946 seconds
Platform modules already initialized, skipping
Refreshing native plugins compatible for Editor in 0.58 ms, found 2 plugins.
Preloading 0 native plugins for Editor in 0.00 ms.
Unloading 1789 Unused Serialized files (Serialized files now loaded: 0)
System memory in use before: 161.5 MB.
System memory in use after: 161.5 MB.

Unloading 12 unused Assets to reduce memory usage. Loaded Objects now: 2338.
Total: 4.133975 ms (FindLiveObjects: 0.970300 ms CreateObjectMapping: 0.275368 ms MarkObjects: 2.702923 ms  DeleteObjects: 0.180648 ms)

========================================================================
Received Prepare
Registering precompiled user dll's ...
Registered in 0.001356 seconds.
Begin MonoManager ReloadAssembly
Native extension for WindowsStandalone target not found
Native extension for OSXStandalone target not found
Refreshing native plugins compatible for Editor in 0.77 ms, found 2 plugins.
Preloading 0 native plugins for Editor in 0.00 ms.
Invoked RoslynAnalysisRunner static constructor.
RoslynAnalysisRunner will not be running.
RoslynAnalysisRunner has terminated.
Mono: successfully reloaded assembly
- Completed reload, in  3.756 seconds
Platform modules already initialized, skipping
Refreshing native plugins compatible for Editor in 0.69 ms, found 2 plugins.
Preloading 0 native plugins for Editor in 0.00 ms.
Unloading 1789 Unused Serialized files (Serialized files now loaded: 0)
System memory in use before: 161.7 MB.
System memory in use after: 161.7 MB.

Unloading 12 unused Assets to reduce memory usage. Loaded Objects now: 2341.
Total: 9.814967 ms (FindLiveObjects: 2.061641 ms CreateObjectMapping: 0.667290 ms MarkObjects: 6.869590 ms  DeleteObjects: 0.212663 ms)

========================================================================
Received Prepare
Registering precompiled user dll's ...
Registered in 0.000955 seconds.
Begin MonoManager ReloadAssembly
Native extension for WindowsStandalone target not found
Native extension for OSXStandalone target not found
Refreshing native plugins compatible for Editor in 0.47 ms, found 2 plugins.
Preloading 0 native plugins for Editor in 0.00 ms.
Invoked RoslynAnalysisRunner static constructor.
RoslynAnalysisRunner will not be running.
RoslynAnalysisRunner has terminated.
Mono: successfully reloaded assembly
- Completed reload, in  1.887 seconds
Platform modules already initialized, skipping
Refreshing native plugins compatible for Editor in 0.50 ms, found 2 plugins.
Preloading 0 native plugins for Editor in 0.00 ms.
Unloading 1789 Unused Serialized files (Serialized files now loaded: 0)
System memory in use before: 161.1 MB.
System memory in use after: 161.1 MB.

Unloading 12 unused Assets to reduce memory usage. Loaded Objects now: 2344.
Total: 4.902042 ms (FindLiveObjects: 0.679097 ms CreateObjectMapping: 0.236597 ms MarkObjects: 3.786663 ms  DeleteObjects: 0.196478 ms)

========================================================================
Received Prepare
Registering precompiled user dll's ...
Registered in 0.001412 seconds.
Begin MonoManager ReloadAssembly
Native extension for WindowsStandalone target not found
Native extension for OSXStandalone target not found
Refreshing native plugins compatible for Editor in 0.47 ms, found 2 plugins.
Preloading 0 native plugins for Editor in 0.00 ms.
Invoked RoslynAnalysisRunner static constructor.
RoslynAnalysisRunner will not be running.
RoslynAnalysisRunner has terminated.
Mono: successfully reloaded assembly
- Completed reload, in  1.897 seconds
Platform modules already initialized, skipping
Refreshing native plugins compatible for Editor in 0.63 ms, found 2 plugins.
Preloading 0 native plugins for Editor in 0.00 ms.
Unloading 1789 Unused Serialized files (Serialized files now loaded: 0)
System memory in use before: 161.4 MB.
System memory in use after: 161.4 MB.

Unloading 12 unused Assets to reduce memory usage. Loaded Objects now: 2347.
Total: 4.101471 ms (FindLiveObjects: 0.475470 ms CreateObjectMapping: 0.156192 ms MarkObjects: 3.291005 ms  DeleteObjects: 0.175252 ms)

========================================================================
Received Import Request.
  Time since last request: 595.180540 seconds.
  path: Assets/Graphics/spritesheet_pom2.png
  artifactKey: Guid(93dfc06c35a0745f981bfce63dd040be) Importer(815301076,1909f56bfc062723c751e8b465ee728b)
Start importing Assets/Graphics/spritesheet_pom2.png using Guid(93dfc06c35a0745f981bfce63dd040be) Importer(815301076,1909f56bfc062723c751e8b465ee728b)  -> (artifact id: '6b305970f4d94c0b849fe1d0422de44d') in 0.318965 seconds
  Import took 0.328285 seconds .

========================================================================
Received Import Request.
  Time since last request: 128.554442 seconds.
  path: Assets/Graphics/New Prefab.prefab
  artifactKey: Guid(6601f8a1a87fb42e392722ec458e8f3f) Importer(815301076,1909f56bfc062723c751e8b465ee728b)
Start importing Assets/Graphics/New Prefab.prefab using Guid(6601f8a1a87fb42e392722ec458e8f3f) Importer(815301076,1909f56bfc062723c751e8b465ee728b)  -> (artifact id: '5d9af8d28bc8d170d36b01ddaaa2db37') in 0.559873 seconds
  Import took 0.614247 seconds .

========================================================================
Received Import Request.
  Time since last request: 576.369735 seconds.
  path: Assets/Graphics/spritesheet_pom2.png
  artifactKey: Guid(93dfc06c35a0745f981bfce63dd040be) Importer(815301076,1909f56bfc062723c751e8b465ee728b)
Start importing Assets/Graphics/spritesheet_pom2.png using Guid(93dfc06c35a0745f981bfce63dd040be) Importer(815301076,1909f56bfc062723c751e8b465ee728b)  -> (artifact id: '2b3bcad5364e05ee7456e2c7d6fff29c') in 0.460685 seconds
  Import took 0.524363 seconds .

========================================================================
Received Prepare
Registering precompiled user dll's ...
Registered in 0.004127 seconds.
Begin MonoManager ReloadAssembly
Native extension for WindowsStandalone target not found
Native extension for OSXStandalone target not found
Refreshing native plugins compatible for Editor in 0.69 ms, found 2 plugins.
Preloading 0 native plugins for Editor in 0.00 ms.
Invoked RoslynAnalysisRunner static constructor.
RoslynAnalysisRunner will not be running.
RoslynAnalysisRunner has terminated.
Mono: successfully reloaded assembly
- Completed reload, in  2.362 seconds
Platform modules already initialized, skipping
Refreshing native plugins compatible for Editor in 0.62 ms, found 2 plugins.
Preloading 0 native plugins for Editor in 0.00 ms.
Unloading 1789 Unused Serialized files (Serialized files now loaded: 0)
System memory in use before: 166.1 MB.
System memory in use after: 166.1 MB.

Unloading 12 unused Assets to reduce memory usage. Loaded Objects now: 2353.
Total: 7.388347 ms (FindLiveObjects: 1.019141 ms CreateObjectMapping: 0.482600 ms MarkObjects: 5.623707 ms  DeleteObjects: 0.260039 ms)

========================================================================
Received Import Request.
  Time since last request: 102.569161 seconds.
  path: Assets/Graphics/plataformas-3-2.png
  artifactKey: Guid(c9c28a08ce1c447358675bf46adf6a09) Importer(815301076,1909f56bfc062723c751e8b465ee728b)
Start importing Assets/Graphics/plataformas-3-2.png using Guid(c9c28a08ce1c447358675bf46adf6a09) Importer(815301076,1909f56bfc062723c751e8b465ee728b)  -> (artifact id: 'b6e0e211dd9559968cddaeb5283fa95d') in 0.229891 seconds
  Import took 0.243783 seconds .

========================================================================
Received Import Request.
  Time since last request: 11.453659 seconds.
  path: Assets/Graphics/plataformas-3-2.png
  artifactKey: Guid(c9c28a08ce1c447358675bf46adf6a09) Importer(815301076,1909f56bfc062723c751e8b465ee728b)
Start importing Assets/Graphics/plataformas-3-2.png using Guid(c9c28a08ce1c447358675bf46adf6a09) Importer(815301076,1909f56bfc062723c751e8b465ee728b)  -> (artifact id: 'a982f3c6c7c38c6536b9de9a7070105a') in 0.015424 seconds
  Import took 0.030724 seconds .

========================================================================
Received Import Request.
  Time since last request: 0.014165 seconds.
  path: Assets/Graphics/plataformas-3-2.png
  artifactKey: Guid(c9c28a08ce1c447358675bf46adf6a09) Importer(815301076,1909f56bfc062723c751e8b465ee728b)
Start importing Assets/Graphics/plataformas-3-2.png using Guid(c9c28a08ce1c447358675bf46adf6a09) Importer(815301076,1909f56bfc062723c751e8b465ee728b)  -> (artifact id: 'a982f3c6c7c38c6536b9de9a7070105a') in 0.040978 seconds
  Import took 0.049608 seconds .

========================================================================
Received Import Request.
  Time since last request: 42.323027 seconds.
  path: Assets/Graphics/plataformas-3-2.png
  artifactKey: Guid(c9c28a08ce1c447358675bf46adf6a09) Importer(815301076,1909f56bfc062723c751e8b465ee728b)
Start importing Assets/Graphics/plataformas-3-2.png using Guid(c9c28a08ce1c447358675bf46adf6a09) Importer(815301076,1909f56bfc062723c751e8b465ee728b)  -> (artifact id: 'cd97360b203eae0d34f8162704b409db') in 0.254288 seconds
  Import took 0.261338 seconds .

========================================================================
Received Import Request.
  Time since last request: 221.197109 seconds.
  path: Assets/Prefabs/Water 3x1.prefab
  artifactKey: Guid(51db3ed48ea7a49428f8e9b1dae1a5f4) Importer(815301076,1909f56bfc062723c751e8b465ee728b)
Start importing Assets/Prefabs/Water 3x1.prefab using Guid(51db3ed48ea7a49428f8e9b1dae1a5f4) Importer(815301076,1909f56bfc062723c751e8b465ee728b)  -> (artifact id: 'bea2bd3bfe78f065fff0708f748f54ca') in 0.320090 seconds
  Import took 0.363883 seconds .

========================================================================
Received Import Request.
  Time since last request: 464.144703 seconds.
  path: Assets/Prefabs/Water 3x1 1.prefab
  artifactKey: Guid(0254d720aafa944ecbc63691b227691f) Importer(815301076,1909f56bfc062723c751e8b465ee728b)
Start importing Assets/Prefabs/Water 3x1 1.prefab using Guid(0254d720aafa944ecbc63691b227691f) Importer(815301076,1909f56bfc062723c751e8b465ee728b)  -> (artifact id: 'dcf33a74946ed0fc6f783b2aefa64d02') in 0.108287 seconds
  Import took 0.168867 seconds .

========================================================================
Received Import Request.
  Time since last request: 0.009153 seconds.
  path: Assets/Prefabs/Water 3x1 1.prefab
  artifactKey: Guid(0254d720aafa944ecbc63691b227691f) Importer(815301076,1909f56bfc062723c751e8b465ee728b)
Start importing Assets/Prefabs/Water 3x1 1.prefab using Guid(0254d720aafa944ecbc63691b227691f) Importer(815301076,1909f56bfc062723c751e8b465ee728b)  -> (artifact id: 'dcf33a74946ed0fc6f783b2aefa64d02') in 0.020378 seconds
  Import took 0.028295 seconds .

========================================================================
Received Import Request.
  Time since last request: 68.635679 seconds.
  path: Assets/Prefabs/Water 3x1.prefab
  artifactKey: Guid(0254d720aafa944ecbc63691b227691f) Importer(815301076,1909f56bfc062723c751e8b465ee728b)
Start importing Assets/Prefabs/Water 3x1.prefab using Guid(0254d720aafa944ecbc63691b227691f) Importer(815301076,1909f56bfc062723c751e8b465ee728b)  -> (artifact id: '3da14ec1eba77383fecbc26f5a32faad') in 0.059738 seconds
  Import took 0.077334 seconds .

========================================================================
Received Prepare
Registering precompiled user dll's ...
Registered in 0.011147 seconds.
Begin MonoManager ReloadAssembly
Native extension for WindowsStandalone target not found
Native extension for OSXStandalone target not found
Refreshing native plugins compatible for Editor in 0.49 ms, found 2 plugins.
Preloading 0 native plugins for Editor in 0.00 ms.
Invoked RoslynAnalysisRunner static constructor.
RoslynAnalysisRunner will not be running.
RoslynAnalysisRunner has terminated.
Mono: successfully reloaded assembly
- Completed reload, in  2.069 seconds
Platform modules already initialized, skipping
Refreshing native plugins compatible for Editor in 0.82 ms, found 2 plugins.
Preloading 0 native plugins for Editor in 0.00 ms.
Unloading 1789 Unused Serialized files (Serialized files now loaded: 0)
System memory in use before: 166.7 MB.
System memory in use after: 166.7 MB.

Unloading 12 unused Assets to reduce memory usage. Loaded Objects now: 2362.
Total: 4.715149 ms (FindLiveObjects: 0.468284 ms CreateObjectMapping: 0.199905 ms MarkObjects: 3.813980 ms  DeleteObjects: 0.230007 ms)

========================================================================
Received Prepare
Registering precompiled user dll's ...
Registered in 0.001731 seconds.
Begin MonoManager ReloadAssembly
Native extension for WindowsStandalone target not found
Native extension for OSXStandalone target not found
Refreshing native plugins compatible for Editor in 0.51 ms, found 2 plugins.
Preloading 0 native plugins for Editor in 0.00 ms.
Invoked RoslynAnalysisRunner static constructor.
RoslynAnalysisRunner will not be running.
RoslynAnalysisRunner has terminated.
Mono: successfully reloaded assembly
- Completed reload, in  2.023 seconds
Platform modules already initialized, skipping
Refreshing native plugins compatible for Editor in 0.46 ms, found 2 plugins.
Preloading 0 native plugins for Editor in 0.00 ms.
Unloading 1789 Unused Serialized files (Serialized files now loaded: 0)
System memory in use before: 167.0 MB.
System memory in use after: 167.0 MB.

Unloading 12 unused Assets to reduce memory usage. Loaded Objects now: 2365.
Total: 5.319772 ms (FindLiveObjects: 0.680862 ms CreateObjectMapping: 0.737965 ms MarkObjects: 3.516183 ms  DeleteObjects: 0.380217 ms)

========================================================================
Received Prepare
Registering precompiled user dll's ...
Registered in 0.005270 seconds.
Begin MonoManager ReloadAssembly
Native extension for WindowsStandalone target not found
Native extension for OSXStandalone target not found
Refreshing native plugins compatible for Editor in 0.47 ms, found 2 plugins.
Preloading 0 native plugins for Editor in 0.00 ms.
Invoked RoslynAnalysisRunner static constructor.
RoslynAnalysisRunner will not be running.
RoslynAnalysisRunner has terminated.
Mono: successfully reloaded assembly
- Completed reload, in  1.992 seconds
Platform modules already initialized, skipping
Refreshing native plugins compatible for Editor in 0.66 ms, found 2 plugins.
Preloading 0 native plugins for Editor in 0.00 ms.
Unloading 1789 Unused Serialized files (Serialized files now loaded: 0)
System memory in use before: 167.3 MB.
System memory in use after: 167.3 MB.

Unloading 12 unused Assets to reduce memory usage. Loaded Objects now: 2368.
Total: 3.874415 ms (FindLiveObjects: 0.595910 ms CreateObjectMapping: 0.157710 ms MarkObjects: 2.932916 ms  DeleteObjects: 0.183511 ms)

========================================================================
Received Prepare
Registering precompiled user dll's ...
Registered in 0.000913 seconds.
Begin MonoManager ReloadAssembly
Native extension for WindowsStandalone target not found
Native extension for OSXStandalone target not found
Refreshing native plugins compatible for Editor in 0.44 ms, found 2 plugins.
Preloading 0 native plugins for Editor in 0.00 ms.
Invoked RoslynAnalysisRunner static constructor.
RoslynAnalysisRunner will not be running.
RoslynAnalysisRunner has terminated.
Mono: successfully reloaded assembly
- Completed reload, in  1.811 seconds
Platform modules already initialized, skipping
Refreshing native plugins compatible for Editor in 0.54 ms, found 2 plugins.
Preloading 0 native plugins for Editor in 0.00 ms.
Unloading 1789 Unused Serialized files (Serialized files now loaded: 0)
System memory in use before: 167.6 MB.
System memory in use after: 167.6 MB.

Unloading 12 unused Assets to reduce memory usage. Loaded Objects now: 2371.
Total: 3.683540 ms (FindLiveObjects: 0.382462 ms CreateObjectMapping: 0.195862 ms MarkObjects: 2.933028 ms  DeleteObjects: 0.169740 ms)

========================================================================
Received Prepare
Registering precompiled user dll's ...
Registered in 0.001995 seconds.
Begin MonoManager ReloadAssembly
Native extension for WindowsStandalone target not found
Native extension for OSXStandalone target not found
Refreshing native plugins compatible for Editor in 0.57 ms, found 2 plugins.
Preloading 0 native plugins for Editor in 0.00 ms.
Invoked RoslynAnalysisRunner static constructor.
RoslynAnalysisRunner will not be running.
RoslynAnalysisRunner has terminated.
Mono: successfully reloaded assembly
- Completed reload, in  1.751 seconds
Platform modules already initialized, skipping
Refreshing native plugins compatible for Editor in 0.59 ms, found 2 plugins.
Preloading 0 native plugins for Editor in 0.00 ms.
Unloading 1789 Unused Serialized files (Serialized files now loaded: 0)
System memory in use before: 167.9 MB.
System memory in use after: 167.9 MB.

Unloading 12 unused Assets to reduce memory usage. Loaded Objects now: 2374.
Total: 4.373130 ms (FindLiveObjects: 0.783554 ms CreateObjectMapping: 0.275582 ms MarkObjects: 3.069398 ms  DeleteObjects: 0.242081 ms)

========================================================================
Received Prepare
Registering precompiled user dll's ...
Registered in 0.001618 seconds.
Begin MonoManager ReloadAssembly
Native extension for WindowsStandalone target not found
Native extension for OSXStandalone target not found
Refreshing native plugins compatible for Editor in 0.50 ms, found 2 plugins.
Preloading 0 native plugins for Editor in 0.00 ms.
Invoked RoslynAnalysisRunner static constructor.
RoslynAnalysisRunner will not be running.
RoslynAnalysisRunner has terminated.
Mono: successfully reloaded assembly
- Completed reload, in  1.634 seconds
Platform modules already initialized, skipping
Refreshing native plugins compatible for Editor in 0.60 ms, found 2 plugins.
Preloading 0 native plugins for Editor in 0.00 ms.
Unloading 1789 Unused Serialized files (Serialized files now loaded: 0)
System memory in use before: 167.3 MB.
System memory in use after: 167.3 MB.

Unloading 12 unused Assets to reduce memory usage. Loaded Objects now: 2377.
Total: 4.089805 ms (FindLiveObjects: 0.609430 ms CreateObjectMapping: 0.186640 ms MarkObjects: 3.129600 ms  DeleteObjects: 0.160878 ms)

========================================================================
Received Prepare
Registering precompiled user dll's ...
Registered in 0.001116 seconds.
Begin MonoManager ReloadAssembly
Native extension for WindowsStandalone target not found
Native extension for OSXStandalone target not found
Refreshing native plugins compatible for Editor in 0.59 ms, found 2 plugins.
Preloading 0 native plugins for Editor in 0.00 ms.
Invoked RoslynAnalysisRunner static constructor.
RoslynAnalysisRunner will not be running.
RoslynAnalysisRunner has terminated.
Mono: successfully reloaded assembly
- Completed reload, in  1.703 seconds
Platform modules already initialized, skipping
Refreshing native plugins compatible for Editor in 0.47 ms, found 2 plugins.
Preloading 0 native plugins for Editor in 0.00 ms.
Unloading 1789 Unused Serialized files (Serialized files now loaded: 0)
System memory in use before: 167.6 MB.
System memory in use after: 167.6 MB.

Unloading 12 unused Assets to reduce memory usage. Loaded Objects now: 2380.
Total: 3.365263 ms (FindLiveObjects: 0.305977 ms CreateObjectMapping: 0.102867 ms MarkObjects: 2.791581 ms  DeleteObjects: 0.162059 ms)

========================================================================
Received Prepare
Registering precompiled user dll's ...
Registered in 0.002016 seconds.
Begin MonoManager ReloadAssembly
Native extension for WindowsStandalone target not found
Native extension for OSXStandalone target not found
Refreshing native plugins compatible for Editor in 1.68 ms, found 2 plugins.
Preloading 0 native plugins for Editor in 0.00 ms.
Invoked RoslynAnalysisRunner static constructor.
RoslynAnalysisRunner will not be running.
RoslynAnalysisRunner has terminated.
Mono: successfully reloaded assembly
- Completed reload, in  2.105 seconds
Platform modules already initialized, skipping
Refreshing native plugins compatible for Editor in 0.61 ms, found 2 plugins.
Preloading 0 native plugins for Editor in 0.00 ms.
Unloading 1789 Unused Serialized files (Serialized files now loaded: 0)
System memory in use before: 167.9 MB.
System memory in use after: 167.9 MB.

Unloading 12 unused Assets to reduce memory usage. Loaded Objects now: 2383.
Total: 4.510935 ms (FindLiveObjects: 0.617105 ms CreateObjectMapping: 0.153935 ms MarkObjects: 3.490375 ms  DeleteObjects: 0.245964 ms)

========================================================================
Received Prepare
Registering precompiled user dll's ...
Registered in 0.000853 seconds.
Begin MonoManager ReloadAssembly
Native extension for WindowsStandalone target not found
Native extension for OSXStandalone target not found
Refreshing native plugins compatible for Editor in 0.47 ms, found 2 plugins.
Preloading 0 native plugins for Editor in 0.00 ms.
Invoked RoslynAnalysisRunner static constructor.
RoslynAnalysisRunner will not be running.
RoslynAnalysisRunner has terminated.
Mono: successfully reloaded assembly
- Completed reload, in  1.756 seconds
Platform modules already initialized, skipping
Refreshing native plugins compatible for Editor in 0.79 ms, found 2 plugins.
Preloading 0 native plugins for Editor in 0.00 ms.
Unloading 1789 Unused Serialized files (Serialized files now loaded: 0)
System memory in use before: 168.2 MB.
System memory in use after: 168.2 MB.

Unloading 12 unused Assets to reduce memory usage. Loaded Objects now: 2386.
Total: 3.957442 ms (FindLiveObjects: 0.634469 ms CreateObjectMapping: 0.244267 ms MarkObjects: 2.900156 ms  DeleteObjects: 0.176115 ms)

========================================================================
Received Prepare
Registering precompiled user dll's ...
Registered in 0.002729 seconds.
Begin MonoManager ReloadAssembly
Native extension for WindowsStandalone target not found
Native extension for OSXStandalone target not found
Refreshing native plugins compatible for Editor in 0.48 ms, found 2 plugins.
Preloading 0 native plugins for Editor in 0.00 ms.
Invoked RoslynAnalysisRunner static constructor.
RoslynAnalysisRunner will not be running.
RoslynAnalysisRunner has terminated.
Mono: successfully reloaded assembly
- Completed reload, in  1.742 seconds
Platform modules already initialized, skipping
Refreshing native plugins compatible for Editor in 0.46 ms, found 2 plugins.
Preloading 0 native plugins for Editor in 0.00 ms.
Unloading 1789 Unused Serialized files (Serialized files now loaded: 0)
System memory in use before: 168.5 MB.
System memory in use after: 168.5 MB.

Unloading 12 unused Assets to reduce memory usage. Loaded Objects now: 2389.
Total: 3.620542 ms (FindLiveObjects: 0.529020 ms CreateObjectMapping: 0.161279 ms MarkObjects: 2.766944 ms  DeleteObjects: 0.160273 ms)

========================================================================
Received Prepare
Registering precompiled user dll's ...
Registered in 0.001186 seconds.
Begin MonoManager ReloadAssembly
Native extension for WindowsStandalone target not found
Native extension for OSXStandalone target not found
Refreshing native plugins compatible for Editor in 0.61 ms, found 2 plugins.
Preloading 0 native plugins for Editor in 0.00 ms.
Invoked RoslynAnalysisRunner static constructor.
RoslynAnalysisRunner will not be running.
RoslynAnalysisRunner has terminated.
Mono: successfully reloaded assembly
- Completed reload, in  1.802 seconds
Platform modules already initialized, skipping
Refreshing native plugins compatible for Editor in 0.47 ms, found 2 plugins.
Preloading 0 native plugins for Editor in 0.00 ms.
Unloading 1789 Unused Serialized files (Serialized files now loaded: 0)
System memory in use before: 168.8 MB.
System memory in use after: 168.8 MB.

Unloading 12 unused Assets to reduce memory usage. Loaded Objects now: 2392.
Total: 3.208502 ms (FindLiveObjects: 0.330837 ms CreateObjectMapping: 0.098388 ms MarkObjects: 2.586837 ms  DeleteObjects: 0.189410 ms)

========================================================================
Received Prepare
Registering precompiled user dll's ...
Registered in 0.001682 seconds.
Begin MonoManager ReloadAssembly
Native extension for WindowsStandalone target not found
Native extension for OSXStandalone target not found
Refreshing native plugins compatible for Editor in 0.53 ms, found 2 plugins.
Preloading 0 native plugins for Editor in 0.00 ms.
Invoked RoslynAnalysisRunner static constructor.
RoslynAnalysisRunner will not be running.
RoslynAnalysisRunner has terminated.
Mono: successfully reloaded assembly
- Completed reload, in  1.720 seconds
Platform modules already initialized, skipping
Refreshing native plugins compatible for Editor in 0.46 ms, found 2 plugins.
Preloading 0 native plugins for Editor in 0.00 ms.
Unloading 1789 Unused Serialized files (Serialized files now loaded: 0)
System memory in use before: 169.1 MB.
System memory in use after: 169.1 MB.

Unloading 12 unused Assets to reduce memory usage. Loaded Objects now: 2395.
Total: 4.259427 ms (FindLiveObjects: 0.395170 ms CreateObjectMapping: 0.193800 ms MarkObjects: 3.504751 ms  DeleteObjects: 0.162518 ms)

========================================================================
Received Prepare
Registering precompiled user dll's ...
Registered in 0.001546 seconds.
Begin MonoManager ReloadAssembly
Native extension for WindowsStandalone target not found
Native extension for OSXStandalone target not found
Refreshing native plugins compatible for Editor in 0.48 ms, found 2 plugins.
Preloading 0 native plugins for Editor in 0.00 ms.
Invoked RoslynAnalysisRunner static constructor.
RoslynAnalysisRunner will not be running.
RoslynAnalysisRunner has terminated.
Mono: successfully reloaded assembly
- Completed reload, in  1.799 seconds
Platform modules already initialized, skipping
Refreshing native plugins compatible for Editor in 0.46 ms, found 2 plugins.
Preloading 0 native plugins for Editor in 0.00 ms.
Unloading 1789 Unused Serialized files (Serialized files now loaded: 0)
System memory in use before: 169.4 MB.
System memory in use after: 169.4 MB.

Unloading 12 unused Assets to reduce memory usage. Loaded Objects now: 2398.
Total: 3.589327 ms (FindLiveObjects: 0.426600 ms CreateObjectMapping: 0.197005 ms MarkObjects: 2.776003 ms  DeleteObjects: 0.186464 ms)

========================================================================
Received Prepare
Registering precompiled user dll's ...
Registered in 0.002628 seconds.
Begin MonoManager ReloadAssembly
Native extension for WindowsStandalone target not found
Native extension for OSXStandalone target not found
Refreshing native plugins compatible for Editor in 0.67 ms, found 2 plugins.
Preloading 0 native plugins for Editor in 0.00 ms.
Invoked RoslynAnalysisRunner static constructor.
RoslynAnalysisRunner will not be running.
RoslynAnalysisRunner has terminated.
Mono: successfully reloaded assembly
- Completed reload, in  2.227 seconds
Platform modules already initialized, skipping
Refreshing native plugins compatible for Editor in 0.47 ms, found 2 plugins.
Preloading 0 native plugins for Editor in 0.00 ms.
Unloading 1789 Unused Serialized files (Serialized files now loaded: 0)
System memory in use before: 169.6 MB.
System memory in use after: 169.6 MB.

Unloading 12 unused Assets to reduce memory usage. Loaded Objects now: 2401.
Total: 4.082375 ms (FindLiveObjects: 0.773465 ms CreateObjectMapping: 0.152142 ms MarkObjects: 2.926845 ms  DeleteObjects: 0.226469 ms)

========================================================================
Received Prepare
Registering precompiled user dll's ...
Registered in 0.002627 seconds.
Begin MonoManager ReloadAssembly
Native extension for WindowsStandalone target not found
Native extension for OSXStandalone target not found
Refreshing native plugins compatible for Editor in 0.58 ms, found 2 plugins.
Preloading 0 native plugins for Editor in 0.00 ms.
Invoked RoslynAnalysisRunner static constructor.
RoslynAnalysisRunner will not be running.
RoslynAnalysisRunner has terminated.
Mono: successfully reloaded assembly
- Completed reload, in  1.894 seconds
Platform modules already initialized, skipping
Refreshing native plugins compatible for Editor in 0.62 ms, found 2 plugins.
Preloading 0 native plugins for Editor in 0.00 ms.
Unloading 1789 Unused Serialized files (Serialized files now loaded: 0)
System memory in use before: 169.0 MB.
System memory in use after: 169.0 MB.

Unloading 12 unused Assets to reduce memory usage. Loaded Objects now: 2404.
Total: 4.329838 ms (FindLiveObjects: 0.392408 ms CreateObjectMapping: 0.203313 ms MarkObjects: 3.502433 ms  DeleteObjects: 0.228967 ms)

========================================================================
Received Prepare
Registering precompiled user dll's ...
Registered in 0.001948 seconds.
Begin MonoManager ReloadAssembly
Native extension for WindowsStandalone target not found
Native extension for OSXStandalone target not found
Refreshing native plugins compatible for Editor in 0.49 ms, found 2 plugins.
Preloading 0 native plugins for Editor in 0.00 ms.
Invoked RoslynAnalysisRunner static constructor.
RoslynAnalysisRunner will not be running.
RoslynAnalysisRunner has terminated.
Mono: successfully reloaded assembly
- Completed reload, in  2.014 seconds
Platform modules already initialized, skipping
Refreshing native plugins compatible for Editor in 0.53 ms, found 2 plugins.
Preloading 0 native plugins for Editor in 0.00 ms.
Unloading 1789 Unused Serialized files (Serialized files now loaded: 0)
System memory in use before: 169.3 MB.
System memory in use after: 169.3 MB.

Unloading 12 unused Assets to reduce memory usage. Loaded Objects now: 2407.
Total: 4.132407 ms (FindLiveObjects: 0.538171 ms CreateObjectMapping: 0.145612 ms MarkObjects: 3.242274 ms  DeleteObjects: 0.203178 ms)

========================================================================
Received Prepare
Registering precompiled user dll's ...
Registered in 0.008555 seconds.
Begin MonoManager ReloadAssembly
Native extension for WindowsStandalone target not found
Native extension for OSXStandalone target not found
Refreshing native plugins compatible for Editor in 0.50 ms, found 2 plugins.
Preloading 0 native plugins for Editor in 0.00 ms.
Invoked RoslynAnalysisRunner static constructor.
RoslynAnalysisRunner will not be running.
RoslynAnalysisRunner has terminated.
Mono: successfully reloaded assembly
- Completed reload, in  2.241 seconds
Platform modules already initialized, skipping
Refreshing native plugins compatible for Editor in 0.48 ms, found 2 plugins.
Preloading 0 native plugins for Editor in 0.00 ms.
Unloading 1789 Unused Serialized files (Serialized files now loaded: 0)
System memory in use before: 169.6 MB.
System memory in use after: 169.6 MB.

Unloading 12 unused Assets to reduce memory usage. Loaded Objects now: 2410.
Total: 4.101019 ms (FindLiveObjects: 0.316278 ms CreateObjectMapping: 0.116982 ms MarkObjects: 3.487877 ms  DeleteObjects: 0.174873 ms)

========================================================================
Received Prepare
Registering precompiled user dll's ...
Registered in 0.003633 seconds.
Begin MonoManager ReloadAssembly
Native extension for WindowsStandalone target not found
Native extension for OSXStandalone target not found
Refreshing native plugins compatible for Editor in 0.55 ms, found 2 plugins.
Preloading 0 native plugins for Editor in 0.00 ms.
Invoked RoslynAnalysisRunner static constructor.
RoslynAnalysisRunner will not be running.
RoslynAnalysisRunner has terminated.
Mono: successfully reloaded assembly
- Completed reload, in  3.090 seconds
Platform modules already initialized, skipping
Refreshing native plugins compatible for Editor in 0.57 ms, found 2 plugins.
Preloading 0 native plugins for Editor in 0.00 ms.
Unloading 1790 Unused Serialized files (Serialized files now loaded: 0)
System memory in use before: 169.9 MB.
System memory in use after: 169.9 MB.

Unloading 12 unused Assets to reduce memory usage. Loaded Objects now: 2414.
Total: 4.487188 ms (FindLiveObjects: 0.962050 ms CreateObjectMapping: 0.232400 ms MarkObjects: 3.108594 ms  DeleteObjects: 0.178922 ms)

========================================================================
Received Import Request.
  Time since last request: 1214.135030 seconds.
  path: Assets/CheckGround.cs
  artifactKey: Guid(e6a958a1f30d64d859b34462f228fb26) Importer(815301076,1909f56bfc062723c751e8b465ee728b)
Start importing Assets/CheckGround.cs using Guid(e6a958a1f30d64d859b34462f228fb26) Importer(815301076,1909f56bfc062723c751e8b465ee728b)  -> (artifact id: '574e5e1e2a8cb40c72861f375b0006ce') in 0.810322 seconds
  Import took 0.820961 seconds .

========================================================================
Received Import Request.
  Time since last request: 0.001074 seconds.
  path: Assets/CameraFollow.cs
  artifactKey: Guid(a01aca8632caa437c8dbd80ed7e6f0a4) Importer(815301076,1909f56bfc062723c751e8b465ee728b)
Start importing Assets/CameraFollow.cs using Guid(a01aca8632caa437c8dbd80ed7e6f0a4) Importer(815301076,1909f56bfc062723c751e8b465ee728b)  -> (artifact id: 'f1274c60ed935881d3ca2644af47942f') in 0.002446 seconds
  Import took 0.009447 seconds .

========================================================================
Received Prepare
Registering precompiled user dll's ...
Registered in 0.008847 seconds.
Begin MonoManager ReloadAssembly
Native extension for WindowsStandalone target not found
Native extension for OSXStandalone target not found
Refreshing native plugins compatible for Editor in 0.46 ms, found 2 plugins.
Preloading 0 native plugins for Editor in 0.00 ms.
Invoked RoslynAnalysisRunner static constructor.
RoslynAnalysisRunner will not be running.
RoslynAnalysisRunner has terminated.
Mono: successfully reloaded assembly
- Completed reload, in  1.890 seconds
Platform modules already initialized, skipping
Refreshing native plugins compatible for Editor in 0.46 ms, found 2 plugins.
Preloading 0 native plugins for Editor in 0.00 ms.
Unloading 1790 Unused Serialized files (Serialized files now loaded: 0)
System memory in use before: 174.4 MB.
System memory in use after: 174.4 MB.

Unloading 12 unused Assets to reduce memory usage. Loaded Objects now: 2417.
Total: 4.478870 ms (FindLiveObjects: 1.195934 ms CreateObjectMapping: 0.200506 ms MarkObjects: 2.852906 ms  DeleteObjects: 0.226382 ms)

========================================================================
Received Import Request.
  Time since last request: 24.011437 seconds.
  path: Assets/CameraFollow.cs
  artifactKey: Guid(a01aca8632caa437c8dbd80ed7e6f0a4) Importer(815301076,1909f56bfc062723c751e8b465ee728b)
Start importing Assets/CameraFollow.cs using Guid(a01aca8632caa437c8dbd80ed7e6f0a4) Importer(815301076,1909f56bfc062723c751e8b465ee728b)  -> (artifact id: '8b8e970fb867df7b3b222c09cbac3a3c') in 0.007616 seconds
  Import took 0.014640 seconds .

========================================================================
Received Prepare
Registering precompiled user dll's ...
Registered in 0.002619 seconds.
Begin MonoManager ReloadAssembly
Native extension for WindowsStandalone target not found
Native extension for OSXStandalone target not found
Refreshing native plugins compatible for Editor in 0.43 ms, found 2 plugins.
Preloading 0 native plugins for Editor in 0.00 ms.
Invoked RoslynAnalysisRunner static constructor.
RoslynAnalysisRunner will not be running.
RoslynAnalysisRunner has terminated.
Mono: successfully reloaded assembly
- Completed reload, in  1.812 seconds
Platform modules already initialized, skipping
Refreshing native plugins compatible for Editor in 0.48 ms, found 2 plugins.
Preloading 0 native plugins for Editor in 0.00 ms.
Unloading 1790 Unused Serialized files (Serialized files now loaded: 0)
System memory in use before: 174.7 MB.
System memory in use after: 174.7 MB.

Unloading 12 unused Assets to reduce memory usage. Loaded Objects now: 2420.
Total: 4.095837 ms (FindLiveObjects: 0.445565 ms CreateObjectMapping: 0.157290 ms MarkObjects: 3.328444 ms  DeleteObjects: 0.160474 ms)

========================================================================
Received Prepare
Registering precompiled user dll's ...
Registered in 0.002351 seconds.
Begin MonoManager ReloadAssembly
Native extension for WindowsStandalone target not found
Native extension for OSXStandalone target not found
Refreshing native plugins compatible for Editor in 0.55 ms, found 2 plugins.
Preloading 0 native plugins for Editor in 0.00 ms.
Invoked RoslynAnalysisRunner static constructor.
RoslynAnalysisRunner will not be running.
RoslynAnalysisRunner has terminated.
Mono: successfully reloaded assembly
- Completed reload, in  3.302 seconds
Platform modules already initialized, skipping
Refreshing native plugins compatible for Editor in 0.71 ms, found 2 plugins.
Preloading 0 native plugins for Editor in 0.00 ms.
Unloading 1790 Unused Serialized files (Serialized files now loaded: 0)
System memory in use before: 175.0 MB.
System memory in use after: 175.0 MB.

Unloading 12 unused Assets to reduce memory usage. Loaded Objects now: 2423.
Total: 4.245584 ms (FindLiveObjects: 0.392332 ms CreateObjectMapping: 0.101480 ms MarkObjects: 3.501081 ms  DeleteObjects: 0.247790 ms)

========================================================================
Received Prepare
Registering precompiled user dll's ...
Registered in 0.001160 seconds.
Begin MonoManager ReloadAssembly
Native extension for WindowsStandalone target not found
Native extension for OSXStandalone target not found
Refreshing native plugins compatible for Editor in 0.52 ms, found 2 plugins.
Preloading 0 native plugins for Editor in 0.00 ms.
Invoked RoslynAnalysisRunner static constructor.
RoslynAnalysisRunner will not be running.
RoslynAnalysisRunner has terminated.
Mono: successfully reloaded assembly
- Completed reload, in  2.985 seconds
Platform modules already initialized, skipping
Refreshing native plugins compatible for Editor in 0.49 ms, found 2 plugins.
Preloading 0 native plugins for Editor in 0.00 ms.
Unloading 1790 Unused Serialized files (Serialized files now loaded: 0)
System memory in use before: 175.3 MB.
System memory in use after: 175.3 MB.

Unloading 12 unused Assets to reduce memory usage. Loaded Objects now: 2426.
Total: 4.190659 ms (FindLiveObjects: 0.555950 ms CreateObjectMapping: 0.203926 ms MarkObjects: 3.223072 ms  DeleteObjects: 0.204602 ms)

========================================================================
Received Prepare
Registering precompiled user dll's ...
Registered in 0.001132 seconds.
Begin MonoManager ReloadAssembly
Native extension for WindowsStandalone target not found
Native extension for OSXStandalone target not found
Refreshing native plugins compatible for Editor in 0.46 ms, found 2 plugins.
Preloading 0 native plugins for Editor in 0.00 ms.
Invoked RoslynAnalysisRunner static constructor.
RoslynAnalysisRunner will not be running.
RoslynAnalysisRunner has terminated.
Mono: successfully reloaded assembly
- Completed reload, in  1.775 seconds
Platform modules already initialized, skipping
Refreshing native plugins compatible for Editor in 0.46 ms, found 2 plugins.
Preloading 0 native plugins for Editor in 0.00 ms.
Unloading 1790 Unused Serialized files (Serialized files now loaded: 0)
System memory in use before: 175.6 MB.
System memory in use after: 175.6 MB.

Unloading 12 unused Assets to reduce memory usage. Loaded Objects now: 2429.
Total: 4.313789 ms (FindLiveObjects: 0.445215 ms CreateObjectMapping: 0.194796 ms MarkObjects: 3.452430 ms  DeleteObjects: 0.217666 ms)

========================================================================
Received Prepare
Registering precompiled user dll's ...
Registered in 0.009711 seconds.
Begin MonoManager ReloadAssembly
Native extension for WindowsStandalone target not found
Native extension for OSXStandalone target not found
Refreshing native plugins compatible for Editor in 3.78 ms, found 2 plugins.
Preloading 0 native plugins for Editor in 0.00 ms.
Invoked RoslynAnalysisRunner static constructor.
RoslynAnalysisRunner will not be running.
RoslynAnalysisRunner has terminated.
Mono: successfully reloaded assembly
- Completed reload, in  2.707 seconds
Platform modules already initialized, skipping
Refreshing native plugins compatible for Editor in 0.49 ms, found 2 plugins.
Preloading 0 native plugins for Editor in 0.00 ms.
Unloading 1790 Unused Serialized files (Serialized files now loaded: 0)
System memory in use before: 174.9 MB.
System memory in use after: 174.9 MB.

Unloading 12 unused Assets to reduce memory usage. Loaded Objects now: 2432.
Total: 18.691172 ms (FindLiveObjects: 0.597304 ms CreateObjectMapping: 0.164853 ms MarkObjects: 17.602394 ms  DeleteObjects: 0.320988 ms)

========================================================================
Received Prepare
Registering precompiled user dll's ...
Registered in 0.001067 seconds.
Begin MonoManager ReloadAssembly
Native extension for WindowsStandalone target not found
Native extension for OSXStandalone target not found
Refreshing native plugins compatible for Editor in 0.58 ms, found 2 plugins.
Preloading 0 native plugins for Editor in 0.00 ms.
Invoked RoslynAnalysisRunner static constructor.
RoslynAnalysisRunner will not be running.
RoslynAnalysisRunner has terminated.
Mono: successfully reloaded assembly
- Completed reload, in  2.007 seconds
Platform modules already initialized, skipping
Refreshing native plugins compatible for Editor in 0.53 ms, found 2 plugins.
Preloading 0 native plugins for Editor in 0.00 ms.
Unloading 1790 Unused Serialized files (Serialized files now loaded: 0)
System memory in use before: 175.2 MB.
System memory in use after: 175.2 MB.

Unloading 12 unused Assets to reduce memory usage. Loaded Objects now: 2435.
Total: 6.267413 ms (FindLiveObjects: 0.603345 ms CreateObjectMapping: 0.651197 ms MarkObjects: 4.846262 ms  DeleteObjects: 0.163020 ms)

========================================================================
Received Prepare
Registering precompiled user dll's ...
Registered in 0.009593 seconds.
Begin MonoManager ReloadAssembly
Native extension for WindowsStandalone target not found
Native extension for OSXStandalone target not found
Refreshing native plugins compatible for Editor in 0.63 ms, found 2 plugins.
Preloading 0 native plugins for Editor in 0.00 ms.
Invoked RoslynAnalysisRunner static constructor.
RoslynAnalysisRunner will not be running.
RoslynAnalysisRunner has terminated.
Mono: successfully reloaded assembly
- Completed reload, in  2.454 seconds
Platform modules already initialized, skipping
Refreshing native plugins compatible for Editor in 0.45 ms, found 2 plugins.
Preloading 0 native plugins for Editor in 0.00 ms.
Unloading 1790 Unused Serialized files (Serialized files now loaded: 0)
System memory in use before: 175.5 MB.
System memory in use after: 175.5 MB.

Unloading 12 unused Assets to reduce memory usage. Loaded Objects now: 2438.
Total: 4.109346 ms (FindLiveObjects: 0.544510 ms CreateObjectMapping: 0.134975 ms MarkObjects: 3.262716 ms  DeleteObjects: 0.164167 ms)

========================================================================
Received Prepare
Registering precompiled user dll's ...
Registered in 0.009803 seconds.
Begin MonoManager ReloadAssembly
Native extension for WindowsStandalone target not found
Native extension for OSXStandalone target not found
Refreshing native plugins compatible for Editor in 0.50 ms, found 2 plugins.
Preloading 0 native plugins for Editor in 0.00 ms.
Invoked RoslynAnalysisRunner static constructor.
RoslynAnalysisRunner will not be running.
RoslynAnalysisRunner has terminated.
Mono: successfully reloaded assembly
- Completed reload, in  2.270 seconds
Platform modules already initialized, skipping
Refreshing native plugins compatible for Editor in 0.76 ms, found 2 plugins.
Preloading 0 native plugins for Editor in 0.00 ms.
Unloading 1790 Unused Serialized files (Serialized files now loaded: 0)
System memory in use before: 175.8 MB.
System memory in use after: 175.8 MB.

Unloading 12 unused Assets to reduce memory usage. Loaded Objects now: 2441.
Total: 4.916993 ms (FindLiveObjects: 0.630745 ms CreateObjectMapping: 0.248295 ms MarkObjects: 3.834757 ms  DeleteObjects: 0.198697 ms)

========================================================================
Received Import Request.
  Time since last request: 781.461290 seconds.
  path: Assets/Graphics/plataformas_a_-_copia.png
  artifactKey: Guid(c82c5240c8d924885aeb158550b0f95c) Importer(815301076,1909f56bfc062723c751e8b465ee728b)
Start importing Assets/Graphics/plataformas_a_-_copia.png using Guid(c82c5240c8d924885aeb158550b0f95c) Importer(815301076,1909f56bfc062723c751e8b465ee728b)  -> (artifact id: 'a55072b81601826daf6d8aa6da009c4d') in 0.209259 seconds
  Import took 0.217280 seconds .

========================================================================
Received Import Request.
  Time since last request: 11.384394 seconds.
  path: Assets/Graphics/plataformas_a_-_copia.png
  artifactKey: Guid(c82c5240c8d924885aeb158550b0f95c) Importer(815301076,1909f56bfc062723c751e8b465ee728b)
Start importing Assets/Graphics/plataformas_a_-_copia.png using Guid(c82c5240c8d924885aeb158550b0f95c) Importer(815301076,1909f56bfc062723c751e8b465ee728b)  -> (artifact id: '61a0575ab535a8b58bb1c6b87208a78f') in 0.013839 seconds
  Import took 0.027490 seconds .

========================================================================
Received Import Request.
  Time since last request: 0.017948 seconds.
  path: Assets/Graphics/plataformas_a_-_copia.png
  artifactKey: Guid(c82c5240c8d924885aeb158550b0f95c) Importer(815301076,1909f56bfc062723c751e8b465ee728b)
Start importing Assets/Graphics/plataformas_a_-_copia.png using Guid(c82c5240c8d924885aeb158550b0f95c) Importer(815301076,1909f56bfc062723c751e8b465ee728b)  -> (artifact id: '61a0575ab535a8b58bb1c6b87208a78f') in 0.022956 seconds
  Import took 0.033883 seconds .

========================================================================
Received Import Request.
  Time since last request: 33.917370 seconds.
  path: Assets/Graphics/plataformas_a_-_copia.png
  artifactKey: Guid(c82c5240c8d924885aeb158550b0f95c) Importer(815301076,1909f56bfc062723c751e8b465ee728b)
Start importing Assets/Graphics/plataformas_a_-_copia.png using Guid(c82c5240c8d924885aeb158550b0f95c) Importer(815301076,1909f56bfc062723c751e8b465ee728b)  -> (artifact id: '61c6b3e7a3d7bdf013fa3e29391f5b47') in 0.254865 seconds
  Import took 0.261069 seconds .

========================================================================
Received Import Request.
  Time since last request: 97.401812 seconds.
  path: Assets/Prefabs/Tree1.prefab
  artifactKey: Guid(8dfa944b46c2f4a50be8c662d31802a7) Importer(815301076,1909f56bfc062723c751e8b465ee728b)
Start importing Assets/Prefabs/Tree1.prefab using Guid(8dfa944b46c2f4a50be8c662d31802a7) Importer(815301076,1909f56bfc062723c751e8b465ee728b)  -> (artifact id: 'a597f1ba14e83657c59c0a621f7b0214') in 0.118429 seconds
  Import took 0.125297 seconds .

========================================================================
Received Import Request.
  Time since last request: 120.470560 seconds.
  path: Assets/Prefabs/Lamp.prefab
  artifactKey: Guid(e5e8a9ae3274b4848945bb2f66187094) Importer(815301076,1909f56bfc062723c751e8b465ee728b)
Start importing Assets/Prefabs/Lamp.prefab using Guid(e5e8a9ae3274b4848945bb2f66187094) Importer(815301076,1909f56bfc062723c751e8b465ee728b)  -> (artifact id: 'e354c452f583b882b52d89d8d164fca6') in 0.105840 seconds
  Import took 0.165582 seconds .

========================================================================
Received Prepare
Registering precompiled user dll's ...
Registered in 0.008553 seconds.
Begin MonoManager ReloadAssembly
Native extension for WindowsStandalone target not found
Native extension for OSXStandalone target not found
Refreshing native plugins compatible for Editor in 0.50 ms, found 2 plugins.
Preloading 0 native plugins for Editor in 0.00 ms.
Invoked RoslynAnalysisRunner static constructor.
RoslynAnalysisRunner will not be running.
RoslynAnalysisRunner has terminated.
Mono: successfully reloaded assembly
- Completed reload, in  2.213 seconds
Platform modules already initialized, skipping
Refreshing native plugins compatible for Editor in 0.81 ms, found 2 plugins.
Preloading 0 native plugins for Editor in 0.00 ms.
Unloading 1790 Unused Serialized files (Serialized files now loaded: 0)
System memory in use before: 176.2 MB.
System memory in use after: 176.2 MB.

Unloading 12 unused Assets to reduce memory usage. Loaded Objects now: 2445.
Total: 9.350355 ms (FindLiveObjects: 1.467488 ms CreateObjectMapping: 0.298470 ms MarkObjects: 7.378256 ms  DeleteObjects: 0.202333 ms)

========================================================================
Received Prepare
Registering precompiled user dll's ...
Registered in 0.010251 seconds.
Begin MonoManager ReloadAssembly
Native extension for WindowsStandalone target not found
Native extension for OSXStandalone target not found
Refreshing native plugins compatible for Editor in 0.53 ms, found 2 plugins.
Preloading 0 native plugins for Editor in 0.00 ms.
Invoked RoslynAnalysisRunner static constructor.
RoslynAnalysisRunner will not be running.
RoslynAnalysisRunner has terminated.
Mono: successfully reloaded assembly
- Completed reload, in  2.019 seconds
Platform modules already initialized, skipping
Refreshing native plugins compatible for Editor in 0.87 ms, found 2 plugins.
Preloading 0 native plugins for Editor in 0.00 ms.
Unloading 1790 Unused Serialized files (Serialized files now loaded: 0)
System memory in use before: 176.5 MB.
System memory in use after: 176.5 MB.

Unloading 12 unused Assets to reduce memory usage. Loaded Objects now: 2448.
Total: 3.509703 ms (FindLiveObjects: 0.388668 ms CreateObjectMapping: 0.100527 ms MarkObjects: 2.836466 ms  DeleteObjects: 0.181647 ms)

========================================================================
Received Prepare
Registering precompiled user dll's ...
Registered in 0.001110 seconds.
Begin MonoManager ReloadAssembly
Native extension for WindowsStandalone target not found
Native extension for OSXStandalone target not found
Refreshing native plugins compatible for Editor in 0.47 ms, found 2 plugins.
Preloading 0 native plugins for Editor in 0.00 ms.
Invoked RoslynAnalysisRunner static constructor.
RoslynAnalysisRunner will not be running.
RoslynAnalysisRunner has terminated.
Mono: successfully reloaded assembly
- Completed reload, in  1.822 seconds
Platform modules already initialized, skipping
Refreshing native plugins compatible for Editor in 0.48 ms, found 2 plugins.
Preloading 0 native plugins for Editor in 0.00 ms.
Unloading 1790 Unused Serialized files (Serialized files now loaded: 0)
System memory in use before: 176.8 MB.
System memory in use after: 176.8 MB.

Unloading 12 unused Assets to reduce memory usage. Loaded Objects now: 2451.
Total: 4.289105 ms (FindLiveObjects: 0.823569 ms CreateObjectMapping: 0.200877 ms MarkObjects: 3.075712 ms  DeleteObjects: 0.186083 ms)

========================================================================
Received Prepare
Registering precompiled user dll's ...
Registered in 0.001852 seconds.
Begin MonoManager ReloadAssembly
Native extension for WindowsStandalone target not found
Native extension for OSXStandalone target not found
Refreshing native plugins compatible for Editor in 0.60 ms, found 2 plugins.
Preloading 0 native plugins for Editor in 0.00 ms.
Invoked RoslynAnalysisRunner static constructor.
RoslynAnalysisRunner will not be running.
RoslynAnalysisRunner has terminated.
Mono: successfully reloaded assembly
- Completed reload, in  2.007 seconds
Platform modules already initialized, skipping
Refreshing native plugins compatible for Editor in 0.45 ms, found 2 plugins.
Preloading 0 native plugins for Editor in 0.00 ms.
Unloading 1790 Unused Serialized files (Serialized files now loaded: 0)
System memory in use before: 177.1 MB.
System memory in use after: 177.1 MB.

Unloading 12 unused Assets to reduce memory usage. Loaded Objects now: 2454.
Total: 3.462013 ms (FindLiveObjects: 0.281581 ms CreateObjectMapping: 0.098014 ms MarkObjects: 2.914725 ms  DeleteObjects: 0.165614 ms)

========================================================================
Received Prepare
Registering precompiled user dll's ...
Registered in 0.001390 seconds.
Begin MonoManager ReloadAssembly
Native extension for WindowsStandalone target not found
Native extension for OSXStandalone target not found
Refreshing native plugins compatible for Editor in 0.87 ms, found 2 plugins.
Preloading 0 native plugins for Editor in 0.00 ms.
Invoked RoslynAnalysisRunner static constructor.
RoslynAnalysisRunner will not be running.
RoslynAnalysisRunner has terminated.
Mono: successfully reloaded assembly
- Completed reload, in  4.090 seconds
Platform modules already initialized, skipping
Refreshing native plugins compatible for Editor in 0.78 ms, found 2 plugins.
Preloading 0 native plugins for Editor in 0.00 ms.
Unloading 1790 Unused Serialized files (Serialized files now loaded: 0)
System memory in use before: 177.3 MB.
System memory in use after: 177.3 MB.

Unloading 12 unused Assets to reduce memory usage. Loaded Objects now: 2457.
Total: 12.790050 ms (FindLiveObjects: 1.589289 ms CreateObjectMapping: 0.784165 ms MarkObjects: 10.150460 ms  DeleteObjects: 0.263014 ms)

========================================================================
Received Import Request.
  Time since last request: 427.862811 seconds.
  path: Assets/Prefabs/Tree1.prefab
  artifactKey: Guid(8dfa944b46c2f4a50be8c662d31802a7) Importer(815301076,1909f56bfc062723c751e8b465ee728b)
Start importing Assets/Prefabs/Tree1.prefab using Guid(8dfa944b46c2f4a50be8c662d31802a7) Importer(815301076,1909f56bfc062723c751e8b465ee728b)  -> (artifact id: '771c82d49e8608dd6494271230ff72a1') in 0.151399 seconds
  Import took 0.175479 seconds .

========================================================================
Received Import Request.
  Time since last request: 0.034208 seconds.
  path: Assets/Prefabs/Tree1.prefab
  artifactKey: Guid(8dfa944b46c2f4a50be8c662d31802a7) Importer(815301076,1909f56bfc062723c751e8b465ee728b)
Start importing Assets/Prefabs/Tree1.prefab using Guid(8dfa944b46c2f4a50be8c662d31802a7) Importer(815301076,1909f56bfc062723c751e8b465ee728b)  -> (artifact id: '771c82d49e8608dd6494271230ff72a1') in 0.020705 seconds
  Import took 0.027743 seconds .

