Using pre-set license

 COMMAND LINE ARGUMENTS:
/Applications/Unity/Hub/Editor/2020.2.2f1/Unity.app/Contents/MacOS/Unity
-adb2
-batchMode
-noUpm
-name
AssetImportWorker0
-projectPath
/Users/mafegarces/GameProject
-logFile
Logs/AssetImportWorker0.log
-srvPort
52453
Successfully changed project path to: /Users/mafegarces/GameProject
/Users/mafegarces/GameProject
Using Asset Import Pipeline V2.
Refreshing native plugins compatible for Editor in 71.45 ms, found 2 plugins.
Preloading 0 native plugins for Editor in 0.00 ms.
Initialize engine version: 2020.2.2f1 (068178b99f32)
[Subsystems] Discovering subsystems at path /Applications/Unity/Hub/Editor/2020.2.2f1/Unity.app/Contents/Resources/UnitySubsystems
[Subsystems] Discovering subsystems at path /Users/mafegarces/GameProject/Assets
GfxDevice: creating device client; threaded=0
2021-01-30 00:21:22.418 Unity[3554:306293] Color LCD preferred device: Intel HD Graphics 5000 (low power)
2021-01-30 00:21:22.418 Unity[3554:306293] Metal devices available: 1
2021-01-30 00:21:22.418 Unity[3554:306293] 0: Intel HD Graphics 5000 (low power)
2021-01-30 00:21:22.420 Unity[3554:306293] Using device Intel HD Graphics 5000 (low power)
Initializing Metal device caps: Intel HD Graphics 5000
Initialize mono
Mono path[0] = '/Applications/Unity/Hub/Editor/2020.2.2f1/Unity.app/Contents/Managed'
Mono path[1] = '/Applications/Unity/Hub/Editor/2020.2.2f1/Unity.app/Contents/MonoBleedingEdge/lib/mono/unityjit'
Mono config path = '/Applications/Unity/Hub/Editor/2020.2.2f1/Unity.app/Contents/MonoBleedingEdge/etc'
Using monoOptions --debugger-agent=transport=dt_socket,embedding=1,server=y,suspend=n,address=127.0.0.1:56554
Begin MonoManager ReloadAssembly
Registering precompiled unity dll's ...
Register platform support module: /Applications/Unity/Hub/Editor/2020.2.2f1/Unity.app/Contents/PlaybackEngines/MacStandaloneSupport/UnityEditor.OSXStandalone.Extensions.dll
Register platform support module: /Applications/Unity/Hub/Editor/2020.2.2f1/PlaybackEngines/WindowsStandaloneSupport/UnityEditor.WindowsStandalone.Extensions.dll
Registered in 0.004885 seconds.
Native extension for WindowsStandalone target not found
Native extension for OSXStandalone target not found
Refreshing native plugins compatible for Editor in 57.78 ms, found 2 plugins.
Preloading 0 native plugins for Editor in 0.00 ms.
Invoked RoslynAnalysisRunner static constructor.
RoslynAnalysisRunner will not be running.
RoslynAnalysisRunner has terminated.
Mono: successfully reloaded assembly
- Completed reload, in  5.770 seconds
Platform modules already initialized, skipping
Registering precompiled user dll's ...
Registered in 0.002231 seconds.
Begin MonoManager ReloadAssembly
Native extension for WindowsStandalone target not found
Native extension for OSXStandalone target not found
Refreshing native plugins compatible for Editor in 61.17 ms, found 2 plugins.
Preloading 0 native plugins for Editor in 0.00 ms.
Invoked RoslynAnalysisRunner static constructor.
RoslynAnalysisRunner will not be running.
RoslynAnalysisRunner has terminated.
Mono: successfully reloaded assembly
- Completed reload, in  1.913 seconds
Platform modules already initialized, skipping
========================================================================
Worker process is ready to serve import requests
Launching external process: /Applications/Unity/Hub/Editor/2020.2.2f1/Unity.app/Contents/Tools/UnityShaderCompiler
Launched and connected shader compiler UnityShaderCompiler after 0.16 seconds
Refreshing native plugins compatible for Editor in 0.50 ms, found 2 plugins.
Preloading 0 native plugins for Editor in 0.00 ms.
Unloading 1792 Unused Serialized files (Serialized files now loaded: 0)
System memory in use before: 142.4 MB.
System memory in use after: 142.4 MB.

Unloading 24 unused Assets to reduce memory usage. Loaded Objects now: 2233.
Total: 4.440425 ms (FindLiveObjects: 0.417898 ms CreateObjectMapping: 0.154185 ms MarkObjects: 3.618936 ms  DeleteObjects: 0.244260 ms)

========================================================================
Received Import Request.
  path: Assets/plataformas.png
  artifactKey: Guid(274c5121160d44d46af9c36e4af6c08c) Importer(815301076,1909f56bfc062723c751e8b465ee728b)
Start importing Assets/plataformas.png using Guid(274c5121160d44d46af9c36e4af6c08c) Importer(815301076,1909f56bfc062723c751e8b465ee728b)  -> (artifact id: 'b40ddd1db37bfbfd5f69e816ec7f4b13') in 1.508393 seconds
  Import took 1.520505 seconds .

========================================================================
Received Import Request.
  Time since last request: 147.873413 seconds.
  path: Assets/Platform/plataformas.png
  artifactKey: Guid(274c5121160d44d46af9c36e4af6c08c) Importer(815301076,1909f56bfc062723c751e8b465ee728b)
Start importing Assets/Platform/plataformas.png using Guid(274c5121160d44d46af9c36e4af6c08c) Importer(815301076,1909f56bfc062723c751e8b465ee728b)  -> (artifact id: 'ad4156628ebc12bf7696ec1330f00a14') in 0.066666 seconds
  Import took 0.088257 seconds .

========================================================================
Received Import Request.
  Time since last request: 286.331837 seconds.
  path: Assets/Platform/plataformas.png
  artifactKey: Guid(274c5121160d44d46af9c36e4af6c08c) Importer(815301076,1909f56bfc062723c751e8b465ee728b)
Start importing Assets/Platform/plataformas.png using Guid(274c5121160d44d46af9c36e4af6c08c) Importer(815301076,1909f56bfc062723c751e8b465ee728b)  -> (artifact id: 'fe88602136242209ef8aa861a0a884a0') in 0.133915 seconds
  Import took 0.145382 seconds .

========================================================================
Received Import Request.
  Time since last request: 48.941147 seconds.
  path: Assets/Platform/plataformas.png
  artifactKey: Guid(274c5121160d44d46af9c36e4af6c08c) Importer(815301076,1909f56bfc062723c751e8b465ee728b)
Start importing Assets/Platform/plataformas.png using Guid(274c5121160d44d46af9c36e4af6c08c) Importer(815301076,1909f56bfc062723c751e8b465ee728b)  -> (artifact id: '2e4fe7125069d97972e52d05886dfade') in 0.072165 seconds
  Import took 0.081661 seconds .

========================================================================
Received Import Request.
  Time since last request: 88.971846 seconds.
  path: Assets/Platform/plataformas.png
  artifactKey: Guid(274c5121160d44d46af9c36e4af6c08c) Importer(815301076,1909f56bfc062723c751e8b465ee728b)
Start importing Assets/Platform/plataformas.png using Guid(274c5121160d44d46af9c36e4af6c08c) Importer(815301076,1909f56bfc062723c751e8b465ee728b)  -> (artifact id: 'cd3f6c452ed4a4843d175dec9bac3b6f') in 0.056929 seconds
  Import took 0.064085 seconds .

========================================================================
Received Import Request.
  Time since last request: 119.116709 seconds.
  path: Assets/Prefabs
  artifactKey: Guid(6bf4c60c5a90241dabb9daf49a8d041b) Importer(815301076,1909f56bfc062723c751e8b465ee728b)
Start importing Assets/Prefabs using Guid(6bf4c60c5a90241dabb9daf49a8d041b) Importer(815301076,1909f56bfc062723c751e8b465ee728b)  -> (artifact id: 'b9f962ab16a633adb4cd21167aab3b30') in 0.005809 seconds
  Import took 0.017096 seconds .

========================================================================
Received Import Request.
  Time since last request: 58.885883 seconds.
  path: Assets/Prefabs/plataformas_0.prefab
  artifactKey: Guid(6815a9d94cabe4481b41586c68f5e584) Importer(815301076,1909f56bfc062723c751e8b465ee728b)
Start importing Assets/Prefabs/plataformas_0.prefab using Guid(6815a9d94cabe4481b41586c68f5e584) Importer(815301076,1909f56bfc062723c751e8b465ee728b)  -> (artifact id: '44325b65674da4c52d8e2d252f67e1cb') in 0.987709 seconds
  Import took 0.995356 seconds .

========================================================================
Received Import Request.
  Time since last request: 80.971689 seconds.
  path: Assets/Scenes
  artifactKey: Guid(f6706a83b778e45f7949e9bf014ea7af) Importer(815301076,1909f56bfc062723c751e8b465ee728b)
Start importing Assets/Scenes using Guid(f6706a83b778e45f7949e9bf014ea7af) Importer(815301076,1909f56bfc062723c751e8b465ee728b)  -> (artifact id: '94aa90fc480796f90e6557ea0e8b7553') in 0.004967 seconds
  Import took 0.013946 seconds .

========================================================================
Received Import Request.
  Time since last request: 0.000980 seconds.
  path: Assets/Scenes
  artifactKey: Guid(f6706a83b778e45f7949e9bf014ea7af) Importer(815301076,1909f56bfc062723c751e8b465ee728b)
Start importing Assets/Scenes using Guid(f6706a83b778e45f7949e9bf014ea7af) Importer(815301076,1909f56bfc062723c751e8b465ee728b)  -> (artifact id: '94aa90fc480796f90e6557ea0e8b7553') in 0.002001 seconds
  Import took 0.009955 seconds .

========================================================================
Received Import Request.
  Time since last request: 1.244989 seconds.
  path: Assets/Scenes/SampleScene.unity
  artifactKey: Guid(2cda990e2423bbf4892e6590ba056729) Importer(815301076,1909f56bfc062723c751e8b465ee728b)
Start importing Assets/Scenes/SampleScene.unity using Guid(2cda990e2423bbf4892e6590ba056729) Importer(815301076,1909f56bfc062723c751e8b465ee728b)  -> (artifact id: '694ca9c96bcf791ec7b87cc957ec53a1') in 0.002777 seconds
  Import took 0.011549 seconds .

========================================================================
Received Import Request.
  Time since last request: 0.001504 seconds.
  path: Assets/Scenes/SampleScene.unity
  artifactKey: Guid(2cda990e2423bbf4892e6590ba056729) Importer(815301076,1909f56bfc062723c751e8b465ee728b)
Start importing Assets/Scenes/SampleScene.unity using Guid(2cda990e2423bbf4892e6590ba056729) Importer(815301076,1909f56bfc062723c751e8b465ee728b)  -> (artifact id: '694ca9c96bcf791ec7b87cc957ec53a1') in 0.002253 seconds
  Import took 0.010024 seconds .

========================================================================
Received Import Request.
  Time since last request: 5.073911 seconds.
  path: Assets/Platform
  artifactKey: Guid(adee00b8a9cb2454a827edf8688005f3) Importer(815301076,1909f56bfc062723c751e8b465ee728b)
Start importing Assets/Platform using Guid(adee00b8a9cb2454a827edf8688005f3) Importer(815301076,1909f56bfc062723c751e8b465ee728b)  -> (artifact id: '19556601e4d8f0d8bfc92d4ac8367062') in 0.012209 seconds
  Import took 0.019603 seconds .

========================================================================
Received Import Request.
  Time since last request: 86.026499 seconds.
  path: Assets/Prefabs/Platform 1x1.prefab
  artifactKey: Guid(e2760a53dadc140a68bfc6b49c56a989) Importer(815301076,1909f56bfc062723c751e8b465ee728b)
Start importing Assets/Prefabs/Platform 1x1.prefab using Guid(e2760a53dadc140a68bfc6b49c56a989) Importer(815301076,1909f56bfc062723c751e8b465ee728b)  -> (artifact id: '3369e5300b7a85806cec535f54a539a5') in 0.037384 seconds
  Import took 0.047311 seconds .

========================================================================
Received Import Request.
  Time since last request: 0.013780 seconds.
  path: Assets/Prefabs/Platform 1x1.prefab
  artifactKey: Guid(e2760a53dadc140a68bfc6b49c56a989) Importer(815301076,1909f56bfc062723c751e8b465ee728b)
Start importing Assets/Prefabs/Platform 1x1.prefab using Guid(e2760a53dadc140a68bfc6b49c56a989) Importer(815301076,1909f56bfc062723c751e8b465ee728b)  -> (artifact id: '3369e5300b7a85806cec535f54a539a5') in 0.021662 seconds
  Import took 0.032434 seconds .

========================================================================
Received Import Request.
  Time since last request: 237.729595 seconds.
  path: Assets/Prefabs/Platform 3x1.prefab
  artifactKey: Guid(cab9cec598129477a9869cc183debb9c) Importer(815301076,1909f56bfc062723c751e8b465ee728b)
Start importing Assets/Prefabs/Platform 3x1.prefab using Guid(cab9cec598129477a9869cc183debb9c) Importer(815301076,1909f56bfc062723c751e8b465ee728b)  -> (artifact id: 'c5389afc4acc40a2755dbfc3617f748a') in 0.100537 seconds
  Import took 0.148904 seconds .

========================================================================
Received Import Request.
  Time since last request: 0.012028 seconds.
  path: Assets/Prefabs/Platform 3x1.prefab
  artifactKey: Guid(cab9cec598129477a9869cc183debb9c) Importer(815301076,1909f56bfc062723c751e8b465ee728b)
Start importing Assets/Prefabs/Platform 3x1.prefab using Guid(cab9cec598129477a9869cc183debb9c) Importer(815301076,1909f56bfc062723c751e8b465ee728b)  -> (artifact id: 'c5389afc4acc40a2755dbfc3617f748a') in 0.025156 seconds
  Import took 0.034587 seconds .

========================================================================
Received Import Request.
  Time since last request: 99.453014 seconds.
  path: Assets/Graphics
  artifactKey: Guid(adee00b8a9cb2454a827edf8688005f3) Importer(815301076,1909f56bfc062723c751e8b465ee728b)
Start importing Assets/Graphics using Guid(adee00b8a9cb2454a827edf8688005f3) Importer(815301076,1909f56bfc062723c751e8b465ee728b)  -> (artifact id: '066c4a74f3c8ac8d16e7f236e0210ffe') in 0.003658 seconds
  Import took 0.012138 seconds .

========================================================================
Received Import Request.
  Time since last request: 4.832770 seconds.
  path: Assets/Graphics/pomeranian.png
  artifactKey: Guid(a22217fa1122142bc8b44adbe5dd8136) Importer(815301076,1909f56bfc062723c751e8b465ee728b)
Start importing Assets/Graphics/pomeranian.png using Guid(a22217fa1122142bc8b44adbe5dd8136) Importer(815301076,1909f56bfc062723c751e8b465ee728b)  -> (artifact id: 'c9816c2872b0b7533bb1c8eb5aa3a6b2') in 0.067349 seconds
  Import took 0.073751 seconds .

========================================================================
Received Import Request.
  Time since last request: 13.297920 seconds.
  path: Assets/Graphics/pomeranian.png
  artifactKey: Guid(a22217fa1122142bc8b44adbe5dd8136) Importer(815301076,1909f56bfc062723c751e8b465ee728b)
Start importing Assets/Graphics/pomeranian.png using Guid(a22217fa1122142bc8b44adbe5dd8136) Importer(815301076,1909f56bfc062723c751e8b465ee728b)  -> (artifact id: 'fe585d43dbb646cdc6cd3c83f652ca9a') in 0.012326 seconds
  Import took 0.020342 seconds .

========================================================================
Received Import Request.
  Time since last request: 0.005553 seconds.
  path: Assets/Graphics/pomeranian.png
  artifactKey: Guid(a22217fa1122142bc8b44adbe5dd8136) Importer(815301076,1909f56bfc062723c751e8b465ee728b)
Start importing Assets/Graphics/pomeranian.png using Guid(a22217fa1122142bc8b44adbe5dd8136) Importer(815301076,1909f56bfc062723c751e8b465ee728b)  -> (artifact id: 'fe585d43dbb646cdc6cd3c83f652ca9a') in 0.013827 seconds
  Import took 0.021553 seconds .

========================================================================
Received Import Request.
  Time since last request: 35.592108 seconds.
  path: Assets/Graphics/pomeranian.png
  artifactKey: Guid(a22217fa1122142bc8b44adbe5dd8136) Importer(815301076,1909f56bfc062723c751e8b465ee728b)
Start importing Assets/Graphics/pomeranian.png using Guid(a22217fa1122142bc8b44adbe5dd8136) Importer(815301076,1909f56bfc062723c751e8b465ee728b)  -> (artifact id: '144edd5430f59001e42e2af988960ba9') in 0.022134 seconds
  Import took 0.029944 seconds .

========================================================================
Received Import Request.
  Time since last request: 10.189622 seconds.
  path: Assets/Graphics/pomeranian.png
  artifactKey: Guid(a22217fa1122142bc8b44adbe5dd8136) Importer(815301076,1909f56bfc062723c751e8b465ee728b)
Start importing Assets/Graphics/pomeranian.png using Guid(a22217fa1122142bc8b44adbe5dd8136) Importer(815301076,1909f56bfc062723c751e8b465ee728b)  -> (artifact id: '41ac85368524d55ccc740bb67f1234a6') in 0.023266 seconds
  Import took 0.029380 seconds .

========================================================================
Received Prepare
Registering precompiled user dll's ...
Registered in 0.002858 seconds.
Begin MonoManager ReloadAssembly
Native extension for WindowsStandalone target not found
Native extension for OSXStandalone target not found
Refreshing native plugins compatible for Editor in 0.43 ms, found 2 plugins.
Preloading 0 native plugins for Editor in 0.00 ms.
Invoked RoslynAnalysisRunner static constructor.
RoslynAnalysisRunner will not be running.
RoslynAnalysisRunner has terminated.
Mono: successfully reloaded assembly
- Completed reload, in  2.388 seconds
Platform modules already initialized, skipping
Refreshing native plugins compatible for Editor in 0.46 ms, found 2 plugins.
Preloading 0 native plugins for Editor in 0.00 ms.
Unloading 1787 Unused Serialized files (Serialized files now loaded: 0)
System memory in use before: 155.0 MB.
System memory in use after: 155.0 MB.

Unloading 12 unused Assets to reduce memory usage. Loaded Objects now: 2249.
Total: 4.829465 ms (FindLiveObjects: 0.646795 ms CreateObjectMapping: 0.204065 ms MarkObjects: 3.732322 ms  DeleteObjects: 0.243840 ms)

========================================================================
Received Import Request.
  Time since last request: 371.112836 seconds.
  path: Assets/Graphics/pug1.png
  artifactKey: Guid(1935bf21e39e241bea324c19fe28fbaf) Importer(815301076,1909f56bfc062723c751e8b465ee728b)
Start importing Assets/Graphics/pug1.png using Guid(1935bf21e39e241bea324c19fe28fbaf) Importer(815301076,1909f56bfc062723c751e8b465ee728b)  -> (artifact id: '78fda017f2e42fcb80c16274c672852b') in 0.469047 seconds
  Import took 0.534021 seconds .

========================================================================
Received Import Request.
  Time since last request: 14.108904 seconds.
  path: Assets/Graphics/pug1.png
  artifactKey: Guid(1935bf21e39e241bea324c19fe28fbaf) Importer(815301076,1909f56bfc062723c751e8b465ee728b)
Start importing Assets/Graphics/pug1.png using Guid(1935bf21e39e241bea324c19fe28fbaf) Importer(815301076,1909f56bfc062723c751e8b465ee728b)  -> (artifact id: '5b61c7b0bf673dd986e5876844ffc7e2') in 0.015413 seconds
  Import took 0.026364 seconds .

========================================================================
Received Import Request.
  Time since last request: 34.985435 seconds.
  path: Assets/Graphics/pug1.png
  artifactKey: Guid(1935bf21e39e241bea324c19fe28fbaf) Importer(815301076,1909f56bfc062723c751e8b465ee728b)
Start importing Assets/Graphics/pug1.png using Guid(1935bf21e39e241bea324c19fe28fbaf) Importer(815301076,1909f56bfc062723c751e8b465ee728b)  -> (artifact id: '8514f98ca20eb17c79cd135eb77209c7') in 0.015755 seconds
  Import took 0.022588 seconds .

========================================================================
Received Import Request.
  Time since last request: 122.529054 seconds.
  path: Assets/Graphics/pug1.png
  artifactKey: Guid(1935bf21e39e241bea324c19fe28fbaf) Importer(815301076,1909f56bfc062723c751e8b465ee728b)
Start importing Assets/Graphics/pug1.png using Guid(1935bf21e39e241bea324c19fe28fbaf) Importer(815301076,1909f56bfc062723c751e8b465ee728b)  -> (artifact id: '45159f98377c09e54f7ece7a5fd0f9cd') in 0.072611 seconds
  Import took 0.079787 seconds .

========================================================================
Received Import Request.
  Time since last request: 15.486374 seconds.
  path: Assets/Graphics/pug1.png
  artifactKey: Guid(1935bf21e39e241bea324c19fe28fbaf) Importer(815301076,1909f56bfc062723c751e8b465ee728b)
Start importing Assets/Graphics/pug1.png using Guid(1935bf21e39e241bea324c19fe28fbaf) Importer(815301076,1909f56bfc062723c751e8b465ee728b)  -> (artifact id: 'e188809832253402d623985f0bdea34e') in 0.077509 seconds
  Import took 0.085742 seconds .

========================================================================
Received Prepare
Registering precompiled user dll's ...
Registered in 0.001147 seconds.
Begin MonoManager ReloadAssembly
Native extension for WindowsStandalone target not found
Native extension for OSXStandalone target not found
Refreshing native plugins compatible for Editor in 0.50 ms, found 2 plugins.
Preloading 0 native plugins for Editor in 0.00 ms.
Invoked RoslynAnalysisRunner static constructor.
RoslynAnalysisRunner will not be running.
RoslynAnalysisRunner has terminated.
Mono: successfully reloaded assembly
- Completed reload, in  1.689 seconds
Platform modules already initialized, skipping
Refreshing native plugins compatible for Editor in 0.47 ms, found 2 plugins.
Preloading 0 native plugins for Editor in 0.00 ms.
Unloading 1787 Unused Serialized files (Serialized files now loaded: 0)
System memory in use before: 155.4 MB.
System memory in use after: 155.4 MB.

Unloading 12 unused Assets to reduce memory usage. Loaded Objects now: 2255.
Total: 3.907350 ms (FindLiveObjects: 0.347606 ms CreateObjectMapping: 0.110175 ms MarkObjects: 3.304229 ms  DeleteObjects: 0.141787 ms)

========================================================================
Received Prepare
Registering precompiled user dll's ...
Registered in 0.002857 seconds.
Begin MonoManager ReloadAssembly
Native extension for WindowsStandalone target not found
Native extension for OSXStandalone target not found
Refreshing native plugins compatible for Editor in 0.46 ms, found 2 plugins.
Preloading 0 native plugins for Editor in 0.00 ms.
Invoked RoslynAnalysisRunner static constructor.
RoslynAnalysisRunner will not be running.
RoslynAnalysisRunner has terminated.
Mono: successfully reloaded assembly
- Completed reload, in  1.680 seconds
Platform modules already initialized, skipping
Refreshing native plugins compatible for Editor in 0.65 ms, found 2 plugins.
Preloading 0 native plugins for Editor in 0.00 ms.
Unloading 1787 Unused Serialized files (Serialized files now loaded: 0)
System memory in use before: 155.8 MB.
System memory in use after: 155.8 MB.

Unloading 12 unused Assets to reduce memory usage. Loaded Objects now: 2258.
Total: 3.504005 ms (FindLiveObjects: 0.352439 ms CreateObjectMapping: 0.202320 ms MarkObjects: 2.793946 ms  DeleteObjects: 0.152405 ms)

========================================================================
Received Import Request.
  Time since last request: 347.312969 seconds.
  path: Assets/Graphics/intento_2mil.png
  artifactKey: Guid(f21b33cfe169644ba9be8188fd03b4b7) Importer(815301076,1909f56bfc062723c751e8b465ee728b)
Start importing Assets/Graphics/intento_2mil.png using Guid(f21b33cfe169644ba9be8188fd03b4b7) Importer(815301076,1909f56bfc062723c751e8b465ee728b)  -> (artifact id: '2ccd17989b91221926d5cfb568c7c941') in 0.171247 seconds
  Import took 0.181369 seconds .

========================================================================
Received Import Request.
  Time since last request: 12.303530 seconds.
  path: Assets/Graphics/intento_2mil.png
  artifactKey: Guid(f21b33cfe169644ba9be8188fd03b4b7) Importer(815301076,1909f56bfc062723c751e8b465ee728b)
Start importing Assets/Graphics/intento_2mil.png using Guid(f21b33cfe169644ba9be8188fd03b4b7) Importer(815301076,1909f56bfc062723c751e8b465ee728b)  -> (artifact id: 'bb4b691b703d2010a7287c9c8f151345') in 0.014446 seconds
  Import took 0.028663 seconds .

========================================================================
Received Import Request.
  Time since last request: 60.015874 seconds.
  path: Assets/Graphics/intento_2mil.png
  artifactKey: Guid(f21b33cfe169644ba9be8188fd03b4b7) Importer(815301076,1909f56bfc062723c751e8b465ee728b)
Start importing Assets/Graphics/intento_2mil.png using Guid(f21b33cfe169644ba9be8188fd03b4b7) Importer(815301076,1909f56bfc062723c751e8b465ee728b)  -> (artifact id: '59694f826035be7424e23d10f732c1b9') in 0.047099 seconds
  Import took 0.055426 seconds .

========================================================================
Received Import Request.
  Time since last request: 0.002028 seconds.
  path: Assets/Graphics/intento_2mil.png
  artifactKey: Guid(f21b33cfe169644ba9be8188fd03b4b7) Importer(815301076,1909f56bfc062723c751e8b465ee728b)
Start importing Assets/Graphics/intento_2mil.png using Guid(f21b33cfe169644ba9be8188fd03b4b7) Importer(815301076,1909f56bfc062723c751e8b465ee728b)  -> (artifact id: '59694f826035be7424e23d10f732c1b9') in 0.029018 seconds
  Import took 0.035819 seconds .

========================================================================
Received Import Request.
  Time since last request: 11.026512 seconds.
  path: Assets/Graphics/intento_2mil.png
  artifactKey: Guid(f21b33cfe169644ba9be8188fd03b4b7) Importer(815301076,1909f56bfc062723c751e8b465ee728b)
Start importing Assets/Graphics/intento_2mil.png using Guid(f21b33cfe169644ba9be8188fd03b4b7) Importer(815301076,1909f56bfc062723c751e8b465ee728b)  -> (artifact id: '5c3abb21dc1ea8cc277a27276ba9b15a') in 0.023282 seconds
  Import took 0.029490 seconds .

========================================================================
Received Import Request.
  Time since last request: 392.500666 seconds.
  path: Assets/Prefabs/Platform 3x1.prefab
  artifactKey: Guid(cab9cec598129477a9869cc183debb9c) Importer(815301076,1909f56bfc062723c751e8b465ee728b)
Start importing Assets/Prefabs/Platform 3x1.prefab using Guid(cab9cec598129477a9869cc183debb9c) Importer(815301076,1909f56bfc062723c751e8b465ee728b)  -> (artifact id: '133d85437a85b9ec01821d41c85e5f75') in 0.161552 seconds
  Import took 0.220575 seconds .

========================================================================
Received Import Request.
  Time since last request: 0.732520 seconds.
  path: Assets/Prefabs/Platform 3x1.prefab
  artifactKey: Guid(cab9cec598129477a9869cc183debb9c) Importer(815301076,1909f56bfc062723c751e8b465ee728b)
Start importing Assets/Prefabs/Platform 3x1.prefab using Guid(cab9cec598129477a9869cc183debb9c) Importer(815301076,1909f56bfc062723c751e8b465ee728b)  -> (artifact id: '8d34edcc0f8e4747beedb213bf25650e') in 0.020275 seconds
  Import took 0.032257 seconds .

========================================================================
Received Import Request.
  Time since last request: 0.010160 seconds.
  path: Assets/Prefabs/Platform 3x1.prefab
  artifactKey: Guid(cab9cec598129477a9869cc183debb9c) Importer(815301076,1909f56bfc062723c751e8b465ee728b)
Start importing Assets/Prefabs/Platform 3x1.prefab using Guid(cab9cec598129477a9869cc183debb9c) Importer(815301076,1909f56bfc062723c751e8b465ee728b)  -> (artifact id: '8d34edcc0f8e4747beedb213bf25650e') in 0.032606 seconds
  Import took 0.039590 seconds .

========================================================================
Received Import Request.
  Time since last request: 10.678591 seconds.
  path: Assets/Prefabs/Platform 3x1.prefab
  artifactKey: Guid(cab9cec598129477a9869cc183debb9c) Importer(815301076,1909f56bfc062723c751e8b465ee728b)
Start importing Assets/Prefabs/Platform 3x1.prefab using Guid(cab9cec598129477a9869cc183debb9c) Importer(815301076,1909f56bfc062723c751e8b465ee728b)  -> (artifact id: 'e391f58cbce8d4d5f0d616fd86cd0544') in 0.027396 seconds
  Import took 0.037740 seconds .

========================================================================
Received Import Request.
  Time since last request: 60.728046 seconds.
  path: Assets/Graphics/intento2456.png
  artifactKey: Guid(0c97a17e37eab45b7b1478a6c10f1e6e) Importer(815301076,1909f56bfc062723c751e8b465ee728b)
Start importing Assets/Graphics/intento2456.png using Guid(0c97a17e37eab45b7b1478a6c10f1e6e) Importer(815301076,1909f56bfc062723c751e8b465ee728b)  -> (artifact id: 'dfcc22ff6add34589b8d6fb6e5d39333') in 0.046472 seconds
  Import took 0.055036 seconds .

========================================================================
Received Import Request.
  Time since last request: 20.189342 seconds.
  path: Assets/Graphics/intento2456.png
  artifactKey: Guid(0c97a17e37eab45b7b1478a6c10f1e6e) Importer(815301076,1909f56bfc062723c751e8b465ee728b)
Start importing Assets/Graphics/intento2456.png using Guid(0c97a17e37eab45b7b1478a6c10f1e6e) Importer(815301076,1909f56bfc062723c751e8b465ee728b)  -> (artifact id: 'df7a834ffb434efc04ec7c4518c2b583') in 0.013615 seconds
  Import took 0.023842 seconds .

========================================================================
Received Import Request.
  Time since last request: 7.731404 seconds.
  path: Assets/Graphics/intento2456.png
  artifactKey: Guid(0c97a17e37eab45b7b1478a6c10f1e6e) Importer(815301076,1909f56bfc062723c751e8b465ee728b)
Start importing Assets/Graphics/intento2456.png using Guid(0c97a17e37eab45b7b1478a6c10f1e6e) Importer(815301076,1909f56bfc062723c751e8b465ee728b)  -> (artifact id: 'a808eefb790519ba40fc206994a86bd4') in 0.021664 seconds
  Import took 0.029320 seconds .

========================================================================
Received Import Request.
  Time since last request: 12.750620 seconds.
  path: Assets/Graphics/intento2456.png
  artifactKey: Guid(0c97a17e37eab45b7b1478a6c10f1e6e) Importer(815301076,1909f56bfc062723c751e8b465ee728b)
Start importing Assets/Graphics/intento2456.png using Guid(0c97a17e37eab45b7b1478a6c10f1e6e) Importer(815301076,1909f56bfc062723c751e8b465ee728b)  -> (artifact id: 'e204f2afc111be6b06bbdcafb31cbc59') in 0.020936 seconds
  Import took 0.027393 seconds .

========================================================================
Received Import Request.
  Time since last request: 137.315801 seconds.
  path: Assets/Prefabs/Platform 3x1.prefab
  artifactKey: Guid(cab9cec598129477a9869cc183debb9c) Importer(815301076,1909f56bfc062723c751e8b465ee728b)
Start importing Assets/Prefabs/Platform 3x1.prefab using Guid(cab9cec598129477a9869cc183debb9c) Importer(815301076,1909f56bfc062723c751e8b465ee728b)  -> (artifact id: '744ec11d1638ab7568b1dda3d7d0b35b') in 0.113472 seconds
  Import took 0.166195 seconds .

========================================================================
Received Import Request.
  Time since last request: 0.007081 seconds.
  path: Assets/Prefabs/Platform 3x1.prefab
  artifactKey: Guid(cab9cec598129477a9869cc183debb9c) Importer(815301076,1909f56bfc062723c751e8b465ee728b)
Start importing Assets/Prefabs/Platform 3x1.prefab using Guid(cab9cec598129477a9869cc183debb9c) Importer(815301076,1909f56bfc062723c751e8b465ee728b)  -> (artifact id: '744ec11d1638ab7568b1dda3d7d0b35b') in 0.025886 seconds
  Import took 0.033206 seconds .

========================================================================
Received Import Request.
  Time since last request: 7.358448 seconds.
  path: Assets/Prefabs/Platform 3x1.prefab
  artifactKey: Guid(cab9cec598129477a9869cc183debb9c) Importer(815301076,1909f56bfc062723c751e8b465ee728b)
Start importing Assets/Prefabs/Platform 3x1.prefab using Guid(cab9cec598129477a9869cc183debb9c) Importer(815301076,1909f56bfc062723c751e8b465ee728b)  -> (artifact id: '0f27f1a2d080ef10560c4413ce914cf2') in 0.028558 seconds
  Import took 0.039920 seconds .

========================================================================
Received Import Request.
  Time since last request: 0.007256 seconds.
  path: Assets/Prefabs/Platform 3x1.prefab
  artifactKey: Guid(cab9cec598129477a9869cc183debb9c) Importer(815301076,1909f56bfc062723c751e8b465ee728b)
Start importing Assets/Prefabs/Platform 3x1.prefab using Guid(cab9cec598129477a9869cc183debb9c) Importer(815301076,1909f56bfc062723c751e8b465ee728b)  -> (artifact id: '0f27f1a2d080ef10560c4413ce914cf2') in 0.028952 seconds
  Import took 0.037685 seconds .

========================================================================
Received Import Request.
  Time since last request: 5.216798 seconds.
  path: Assets/Prefabs/Platform 3x1.prefab
  artifactKey: Guid(cab9cec598129477a9869cc183debb9c) Importer(815301076,1909f56bfc062723c751e8b465ee728b)
Start importing Assets/Prefabs/Platform 3x1.prefab using Guid(cab9cec598129477a9869cc183debb9c) Importer(815301076,1909f56bfc062723c751e8b465ee728b)  -> (artifact id: '38e32b8781f511ecccd219513840625e') in 0.020183 seconds
  Import took 0.027079 seconds .

========================================================================
Received Import Request.
  Time since last request: 132.891082 seconds.
  path: Assets/Prefabs/Platform 3x1.prefab
  artifactKey: Guid(cab9cec598129477a9869cc183debb9c) Importer(815301076,1909f56bfc062723c751e8b465ee728b)
Start importing Assets/Prefabs/Platform 3x1.prefab using Guid(cab9cec598129477a9869cc183debb9c) Importer(815301076,1909f56bfc062723c751e8b465ee728b)  -> (artifact id: '0c3749487738d21e03996fd1da65b701') in 0.023277 seconds
  Import took 0.032290 seconds .

========================================================================
Received Import Request.
  Time since last request: 0.011117 seconds.
  path: Assets/Prefabs/Platform 3x1.prefab
  artifactKey: Guid(cab9cec598129477a9869cc183debb9c) Importer(815301076,1909f56bfc062723c751e8b465ee728b)
Start importing Assets/Prefabs/Platform 3x1.prefab using Guid(cab9cec598129477a9869cc183debb9c) Importer(815301076,1909f56bfc062723c751e8b465ee728b)  -> (artifact id: '0c3749487738d21e03996fd1da65b701') in 0.026114 seconds
  Import took 0.033609 seconds .

========================================================================
Received Import Request.
  Time since last request: 892.878447 seconds.
  path: Assets/Graphics/plataformas-2.png
  artifactKey: Guid(79d672e7198d44757a58353ecfe54a24) Importer(815301076,1909f56bfc062723c751e8b465ee728b)
Start importing Assets/Graphics/plataformas-2.png using Guid(79d672e7198d44757a58353ecfe54a24) Importer(815301076,1909f56bfc062723c751e8b465ee728b)  -> (artifact id: 'e575fbe3fe2fd2d3ed3eda66d6cec060') in 0.119717 seconds
  Import took 0.167965 seconds .

========================================================================
Received Import Request.
  Time since last request: 24.432674 seconds.
  path: Assets/Graphics/plataformas-2.png
  artifactKey: Guid(79d672e7198d44757a58353ecfe54a24) Importer(815301076,1909f56bfc062723c751e8b465ee728b)
Start importing Assets/Graphics/plataformas-2.png using Guid(79d672e7198d44757a58353ecfe54a24) Importer(815301076,1909f56bfc062723c751e8b465ee728b)  -> (artifact id: 'd2f1b88ca50e19732d1328ec1d2a16b3') in 0.015344 seconds
  Import took 0.022367 seconds .

========================================================================
Received Import Request.
  Time since last request: 60.989831 seconds.
  path: Assets/Graphics/plataformas-2.png
  artifactKey: Guid(79d672e7198d44757a58353ecfe54a24) Importer(815301076,1909f56bfc062723c751e8b465ee728b)
Start importing Assets/Graphics/plataformas-2.png using Guid(79d672e7198d44757a58353ecfe54a24) Importer(815301076,1909f56bfc062723c751e8b465ee728b)  -> (artifact id: '75a3c735138ddd5991ea3ce9f1596335') in 0.084473 seconds
  Import took 0.093225 seconds .

========================================================================
Received Import Request.
  Time since last request: 44.494725 seconds.
  path: Assets/Animations/Pomeranian.controller
  artifactKey: Guid(c3a2c404b2abe480db6204d6c02dfb2c) Importer(815301076,1909f56bfc062723c751e8b465ee728b)
Start importing Assets/Animations/Pomeranian.controller using Guid(c3a2c404b2abe480db6204d6c02dfb2c) Importer(815301076,1909f56bfc062723c751e8b465ee728b)  -> (artifact id: '89900f6ec0224ae3a6f2e3d97a3932a1') in 0.605792 seconds
  Import took 0.615009 seconds .

========================================================================
Received Import Request.
  Time since last request: 0.387414 seconds.
  path: Assets/Animations/Pomeranian.controller
  artifactKey: Guid(c3a2c404b2abe480db6204d6c02dfb2c) Importer(815301076,1909f56bfc062723c751e8b465ee728b)
Start importing Assets/Animations/Pomeranian.controller using Guid(c3a2c404b2abe480db6204d6c02dfb2c) Importer(815301076,1909f56bfc062723c751e8b465ee728b)  -> (artifact id: '5def6af97bf7ce1562b743a28d4ed72f') in 0.011095 seconds
  Import took 0.017737 seconds .

========================================================================
Received Import Request.
  Time since last request: 79.732646 seconds.
  path: Assets/Graphics/plataformas-2.png
  artifactKey: Guid(79d672e7198d44757a58353ecfe54a24) Importer(815301076,1909f56bfc062723c751e8b465ee728b)
Start importing Assets/Graphics/plataformas-2.png using Guid(79d672e7198d44757a58353ecfe54a24) Importer(815301076,1909f56bfc062723c751e8b465ee728b)  -> (artifact id: '05f2bc4682e2e7ec4840fb7093d616a6') in 0.112460 seconds
  Import took 0.122796 seconds .

========================================================================
Received Import Request.
  Time since last request: 248.555988 seconds.
  path: Assets/Animations
  artifactKey: Guid(eea01b2c59cc945a284aa1a9d14b58bc) Importer(815301076,1909f56bfc062723c751e8b465ee728b)
Start importing Assets/Animations using Guid(eea01b2c59cc945a284aa1a9d14b58bc) Importer(815301076,1909f56bfc062723c751e8b465ee728b)  -> (artifact id: '319632023499270fc7245856cbe80e0a') in 0.005988 seconds
  Import took 0.044546 seconds .

========================================================================
Received Import Request.
  Time since last request: 338.704590 seconds.
  path: Assets/Prefabs/Platform 1x2.prefab
  artifactKey: Guid(3d2a79f2a80024415a5a4083ab3757dc) Importer(815301076,1909f56bfc062723c751e8b465ee728b)
Start importing Assets/Prefabs/Platform 1x2.prefab using Guid(3d2a79f2a80024415a5a4083ab3757dc) Importer(815301076,1909f56bfc062723c751e8b465ee728b)  -> (artifact id: '03eca3984e0531e608a1c3e89fb56a82') in 0.122787 seconds
  Import took 0.133794 seconds .

========================================================================
Received Import Request.
  Time since last request: 0.008122 seconds.
  path: Assets/Prefabs/Platform 1x2.prefab
  artifactKey: Guid(3d2a79f2a80024415a5a4083ab3757dc) Importer(815301076,1909f56bfc062723c751e8b465ee728b)
Start importing Assets/Prefabs/Platform 1x2.prefab using Guid(3d2a79f2a80024415a5a4083ab3757dc) Importer(815301076,1909f56bfc062723c751e8b465ee728b)  -> (artifact id: '03eca3984e0531e608a1c3e89fb56a82') in 0.021528 seconds
  Import took 0.028793 seconds .

========================================================================
Received Import Request.
  Time since last request: 5.149268 seconds.
  path: Assets/Prefabs/Platform 1x2.prefab
  artifactKey: Guid(3d2a79f2a80024415a5a4083ab3757dc) Importer(815301076,1909f56bfc062723c751e8b465ee728b)
Start importing Assets/Prefabs/Platform 1x2.prefab using Guid(3d2a79f2a80024415a5a4083ab3757dc) Importer(815301076,1909f56bfc062723c751e8b465ee728b)  -> (artifact id: 'e8e3328fddbcfcd5bff7745e1a0e1e40') in 0.021697 seconds
  Import took 0.030134 seconds .

========================================================================
Received Import Request.
  Time since last request: 555.746628 seconds.
  path: Assets/Prefabs/Platform 3x3.prefab
  artifactKey: Guid(346f98ed0b92646d6acb71950dafd5d0) Importer(815301076,1909f56bfc062723c751e8b465ee728b)
Start importing Assets/Prefabs/Platform 3x3.prefab using Guid(346f98ed0b92646d6acb71950dafd5d0) Importer(815301076,1909f56bfc062723c751e8b465ee728b)  -> (artifact id: '39a3ff580e6d4e70c4729bf083fc5351') in 0.104861 seconds
  Import took 0.164872 seconds .

========================================================================
Received Import Request.
  Time since last request: 361.818743 seconds.
  path: Assets/Graphics/pug.png
  artifactKey: Guid(f8c6343c31484438aafc776086f600aa) Importer(815301076,1909f56bfc062723c751e8b465ee728b)
Start importing Assets/Graphics/pug.png using Guid(f8c6343c31484438aafc776086f600aa) Importer(815301076,1909f56bfc062723c751e8b465ee728b)  -> (artifact id: '4fd2456b1d209cca2dd883fc677295ec') in 0.103107 seconds
  Import took 0.159395 seconds .

========================================================================
Received Import Request.
  Time since last request: 11.459111 seconds.
  path: Assets/Graphics/pug.png
  artifactKey: Guid(f8c6343c31484438aafc776086f600aa) Importer(815301076,1909f56bfc062723c751e8b465ee728b)
Start importing Assets/Graphics/pug.png using Guid(f8c6343c31484438aafc776086f600aa) Importer(815301076,1909f56bfc062723c751e8b465ee728b)  -> (artifact id: '12a233bf295b8c719fd61358ad9a2ebb') in 0.019048 seconds
  Import took 0.025379 seconds .

========================================================================
Received Import Request.
  Time since last request: 97.502898 seconds.
  path: Assets/Graphics/pug.png
  artifactKey: Guid(f8c6343c31484438aafc776086f600aa) Importer(815301076,1909f56bfc062723c751e8b465ee728b)
Start importing Assets/Graphics/pug.png using Guid(f8c6343c31484438aafc776086f600aa) Importer(815301076,1909f56bfc062723c751e8b465ee728b)  -> (artifact id: '131243fbb0bb0d622389f0ee56874302') in 0.101798 seconds
  Import took 0.108422 seconds .

========================================================================
Received Import Request.
  Time since last request: 73.357675 seconds.
  path: Assets/Graphics/pug.png
  artifactKey: Guid(f8c6343c31484438aafc776086f600aa) Importer(815301076,1909f56bfc062723c751e8b465ee728b)
Start importing Assets/Graphics/pug.png using Guid(f8c6343c31484438aafc776086f600aa) Importer(815301076,1909f56bfc062723c751e8b465ee728b)  -> (artifact id: 'c80ea6c56a074bff239608f2c9a7c296') in 0.075221 seconds
  Import took 0.082291 seconds .

========================================================================
Received Import Request.
  Time since last request: 183.650982 seconds.
  path: Assets/Graphics/pug.png
  artifactKey: Guid(f8c6343c31484438aafc776086f600aa) Importer(815301076,1909f56bfc062723c751e8b465ee728b)
Start importing Assets/Graphics/pug.png using Guid(f8c6343c31484438aafc776086f600aa) Importer(815301076,1909f56bfc062723c751e8b465ee728b)  -> (artifact id: '3f671b5a4b57634e84fa28413ab79d3e') in 0.100252 seconds
  Import took 0.158557 seconds .

========================================================================
Received Import Request.
  Time since last request: 216.625589 seconds.
  path: Assets/Animations/Pug.controller
  artifactKey: Guid(d4e8e1fc4e755456bbde1e046eec57af) Importer(815301076,1909f56bfc062723c751e8b465ee728b)
Start importing Assets/Animations/Pug.controller using Guid(d4e8e1fc4e755456bbde1e046eec57af) Importer(815301076,1909f56bfc062723c751e8b465ee728b)  -> (artifact id: '26f635e097d9d0d22b79eaf6571ce00c') in 0.018592 seconds
  Import took 0.030969 seconds .

========================================================================
Received Import Request.
  Time since last request: 636.504156 seconds.
  path: Assets/Animations/Pug.controller
  artifactKey: Guid(d4e8e1fc4e755456bbde1e046eec57af) Importer(815301076,1909f56bfc062723c751e8b465ee728b)
Start importing Assets/Animations/Pug.controller using Guid(d4e8e1fc4e755456bbde1e046eec57af) Importer(815301076,1909f56bfc062723c751e8b465ee728b)  -> (artifact id: '250374b3534f0159bdb248f343919185') in 0.025816 seconds
  Import took 0.067989 seconds .

